{"E:\\downloads\\a0-project\\App.tsx": {"path":"E:\\downloads\\a0-project\\App.tsx","statementMap":{"0":{"start":{"line":21,"column":12},"end":{"line":21,"column":38}},"1":{"start":{"line":22,"column":14},"end":{"line":22,"column":42}},"2":{"start":{"line":25,"column":22},"end":{"line":25,"column":38}},"3":{"start":{"line":26,"column":17},"end":{"line":26,"column":39}},"4":{"start":{"line":28,"column":2},"end":{"line":69,"column":4}},"5":{"start":{"line":44,"column":43},"end":{"line":44,"column":77}},"6":{"start":{"line":51,"column":43},"end":{"line":51,"column":81}},"7":{"start":{"line":58,"column":43},"end":{"line":58,"column":81}},"8":{"start":{"line":65,"column":43},"end":{"line":65,"column":77}},"9":{"start":{"line":73,"column":30},"end":{"line":73,"column":39}},"10":{"start":{"line":75,"column":2},"end":{"line":78,"column":3}},"11":{"start":{"line":77,"column":4},"end":{"line":77,"column":16}},"12":{"start":{"line":80,"column":2},"end":{"line":90,"column":4}},"13":{"start":{"line":94,"column":2},"end":{"line":103,"column":4}},"14":{"start":{"line":106,"column":15},"end":{"line":111,"column":2}}},"fnMap":{"0":{"name":"TabNavigator","decl":{"start":{"line":24,"column":9},"end":{"line":24,"column":21}},"loc":{"start":{"line":24,"column":24},"end":{"line":70,"column":1}},"line":24},"1":{"name":"(anonymous_1)","decl":{"start":{"line":44,"column":22},"end":{"line":44,"column":23}},"loc":{"start":{"line":44,"column":43},"end":{"line":44,"column":77}},"line":44},"2":{"name":"(anonymous_2)","decl":{"start":{"line":51,"column":22},"end":{"line":51,"column":23}},"loc":{"start":{"line":51,"column":43},"end":{"line":51,"column":81}},"line":51},"3":{"name":"(anonymous_3)","decl":{"start":{"line":58,"column":22},"end":{"line":58,"column":23}},"loc":{"start":{"line":58,"column":43},"end":{"line":58,"column":81}},"line":58},"4":{"name":"(anonymous_4)","decl":{"start":{"line":65,"column":22},"end":{"line":65,"column":23}},"loc":{"start":{"line":65,"column":43},"end":{"line":65,"column":77}},"line":65},"5":{"name":"AppNavigator","decl":{"start":{"line":72,"column":9},"end":{"line":72,"column":21}},"loc":{"start":{"line":72,"column":24},"end":{"line":91,"column":1}},"line":72},"6":{"name":"App","decl":{"start":{"line":93,"column":24},"end":{"line":93,"column":27}},"loc":{"start":{"line":93,"column":30},"end":{"line":104,"column":1}},"line":93}},"branchMap":{"0":{"loc":{"start":{"line":33,"column":27},"end":{"line":33,"column":57}},"type":"cond-expr","locations":[{"start":{"line":33,"column":36},"end":{"line":33,"column":45}},{"start":{"line":33,"column":48},"end":{"line":33,"column":57}}],"line":33},"1":{"loc":{"start":{"line":34,"column":26},"end":{"line":34,"column":53}},"type":"cond-expr","locations":[{"start":{"line":34,"column":35},"end":{"line":34,"column":41}},{"start":{"line":34,"column":44},"end":{"line":34,"column":53}}],"line":34},"2":{"loc":{"start":{"line":37,"column":33},"end":{"line":37,"column":57}},"type":"cond-expr","locations":[{"start":{"line":37,"column":42},"end":{"line":37,"column":48}},{"start":{"line":37,"column":51},"end":{"line":37,"column":57}}],"line":37},"3":{"loc":{"start":{"line":75,"column":2},"end":{"line":78,"column":3}},"type":"if","locations":[{"start":{"line":75,"column":2},"end":{"line":78,"column":3}},{"start":{},"end":{}}],"line":75},"4":{"loc":{"start":{"line":82,"column":7},"end":{"line":88,"column":7}},"type":"cond-expr","locations":[{"start":{"line":83,"column":8},"end":{"line":83,"column":24}},{"start":{"line":85,"column":8},"end":{"line":87,"column":26}}],"line":82}},"s":{"0":0,"1":0,"2":0,"3":0,"4":0,"5":0,"6":0,"7":0,"8":0,"9":0,"10":0,"11":0,"12":0,"13":0,"14":0},"f":{"0":0,"1":0,"2":0,"3":0,"4":0,"5":0,"6":0},"b":{"0":[0,0],"1":[0,0],"2":[0,0],"3":[0,0],"4":[0,0]}}
,"E:\\downloads\\a0-project\\index.ts": {"path":"E:\\downloads\\a0-project\\index.ts","statementMap":{"0":{"start":{"line":8,"column":0},"end":{"line":8,"column":27}}},"fnMap":{},"branchMap":{},"s":{"0":0},"f":{},"b":{}}
,"E:\\downloads\\a0-project\\jest.config.js": {"path":"E:\\downloads\\a0-project\\jest.config.js","statementMap":{"0":{"start":{"line":1,"column":0},"end":{"line":21,"column":2}}},"fnMap":{},"branchMap":{},"s":{"0":0},"f":{},"b":{}}
,"E:\\downloads\\a0-project\\components\\AddTaskModal.tsx": {"path":"E:\\downloads\\a0-project\\components\\AddTaskModal.tsx","statementMap":{"0":{"start":{"line":15,"column":16},"end":{"line":15,"column":100}},"1":{"start":{"line":16,"column":19},"end":{"line":16,"column":53}},"2":{"start":{"line":31,"column":28},"end":{"line":31,"column":40}},"3":{"start":{"line":32,"column":32},"end":{"line":32,"column":44}},"4":{"start":{"line":33,"column":34},"end":{"line":33,"column":79}},"5":{"start":{"line":34,"column":32},"end":{"line":34,"column":52}},"6":{"start":{"line":35,"column":46},"end":{"line":35,"column":61}},"7":{"start":{"line":37,"column":23},"end":{"line":53,"column":3}},"8":{"start":{"line":38,"column":4},"end":{"line":38,"column":48}},"9":{"start":{"line":38,"column":41},"end":{"line":38,"column":48}},"10":{"start":{"line":40,"column":4},"end":{"line":46,"column":7}},"11":{"start":{"line":49,"column":4},"end":{"line":49,"column":17}},"12":{"start":{"line":50,"column":4},"end":{"line":50,"column":19}},"13":{"start":{"line":51,"column":4},"end":{"line":51,"column":26}},"14":{"start":{"line":52,"column":4},"end":{"line":52,"column":27}},"15":{"start":{"line":55,"column":27},"end":{"line":60,"column":3}},"16":{"start":{"line":56,"column":4},"end":{"line":56,"column":29}},"17":{"start":{"line":57,"column":4},"end":{"line":59,"column":5}},"18":{"start":{"line":58,"column":6},"end":{"line":58,"column":31}},"19":{"start":{"line":62,"column":2},"end":{"line":166,"column":4}},"20":{"start":{"line":83,"column":14},"end":{"line":97,"column":33}},"21":{"start":{"line":89,"column":31},"end":{"line":89,"column":44}},"22":{"start":{"line":104,"column":14},"end":{"line":123,"column":33}},"23":{"start":{"line":115,"column":31},"end":{"line":115,"column":45}},"24":{"start":{"line":130,"column":27},"end":{"line":130,"column":50}},"25":{"start":{"line":169,"column":15},"end":{"line":282,"column":2}}},"fnMap":{"0":{"name":"AddTaskModal","decl":{"start":{"line":30,"column":24},"end":{"line":30,"column":36}},"loc":{"start":{"line":30,"column":85},"end":{"line":167,"column":1}},"line":30},"1":{"name":"(anonymous_1)","decl":{"start":{"line":37,"column":23},"end":{"line":37,"column":24}},"loc":{"start":{"line":37,"column":29},"end":{"line":53,"column":3}},"line":37},"2":{"name":"(anonymous_2)","decl":{"start":{"line":55,"column":27},"end":{"line":55,"column":28}},"loc":{"start":{"line":55,"column":64},"end":{"line":60,"column":3}},"line":55},"3":{"name":"(anonymous_3)","decl":{"start":{"line":82,"column":25},"end":{"line":82,"column":26}},"loc":{"start":{"line":83,"column":14},"end":{"line":97,"column":33}},"line":83},"4":{"name":"(anonymous_4)","decl":{"start":{"line":89,"column":25},"end":{"line":89,"column":26}},"loc":{"start":{"line":89,"column":31},"end":{"line":89,"column":44}},"line":89},"5":{"name":"(anonymous_5)","decl":{"start":{"line":103,"column":28},"end":{"line":103,"column":29}},"loc":{"start":{"line":104,"column":14},"end":{"line":123,"column":33}},"line":104},"6":{"name":"(anonymous_6)","decl":{"start":{"line":115,"column":25},"end":{"line":115,"column":26}},"loc":{"start":{"line":115,"column":31},"end":{"line":115,"column":45}},"line":115},"7":{"name":"(anonymous_7)","decl":{"start":{"line":130,"column":21},"end":{"line":130,"column":22}},"loc":{"start":{"line":130,"column":27},"end":{"line":130,"column":50}},"line":130}},"branchMap":{"0":{"loc":{"start":{"line":38,"column":4},"end":{"line":38,"column":48}},"type":"if","locations":[{"start":{"line":38,"column":4},"end":{"line":38,"column":48}},{"start":{},"end":{}}],"line":38},"1":{"loc":{"start":{"line":38,"column":8},"end":{"line":38,"column":39}},"type":"binary-expr","locations":[{"start":{"line":38,"column":8},"end":{"line":38,"column":14}},{"start":{"line":38,"column":18},"end":{"line":38,"column":26}},{"start":{"line":38,"column":30},"end":{"line":38,"column":39}}],"line":38},"2":{"loc":{"start":{"line":57,"column":4},"end":{"line":59,"column":5}},"type":"if","locations":[{"start":{"line":57,"column":4},"end":{"line":59,"column":5}},{"start":{},"end":{}}],"line":57},"3":{"loc":{"start":{"line":87,"column":18},"end":{"line":87,"column":56}},"type":"binary-expr","locations":[{"start":{"line":87,"column":18},"end":{"line":87,"column":31}},{"start":{"line":87,"column":35},"end":{"line":87,"column":56}}],"line":87},"4":{"loc":{"start":{"line":93,"column":18},"end":{"line":93,"column":60}},"type":"binary-expr","locations":[{"start":{"line":93,"column":18},"end":{"line":93,"column":31}},{"start":{"line":93,"column":35},"end":{"line":93,"column":60}}],"line":93},"5":{"loc":{"start":{"line":108,"column":18},"end":{"line":108,"column":59}},"type":"binary-expr","locations":[{"start":{"line":108,"column":18},"end":{"line":108,"column":32}},{"start":{"line":108,"column":36},"end":{"line":108,"column":59}}],"line":108},"6":{"loc":{"start":{"line":109,"column":37},"end":{"line":112,"column":41}},"type":"cond-expr","locations":[{"start":{"line":110,"column":20},"end":{"line":112,"column":29}},{"start":{"line":112,"column":32},"end":{"line":112,"column":41}}],"line":109},"7":{"loc":{"start":{"line":110,"column":20},"end":{"line":112,"column":29}},"type":"cond-expr","locations":[{"start":{"line":110,"column":35},"end":{"line":110,"column":44}},{"start":{"line":111,"column":20},"end":{"line":112,"column":29}}],"line":110},"8":{"loc":{"start":{"line":111,"column":20},"end":{"line":112,"column":29}},"type":"cond-expr","locations":[{"start":{"line":111,"column":37},"end":{"line":111,"column":46}},{"start":{"line":112,"column":20},"end":{"line":112,"column":29}}],"line":111},"9":{"loc":{"start":{"line":119,"column":18},"end":{"line":119,"column":63}},"type":"binary-expr","locations":[{"start":{"line":119,"column":18},"end":{"line":119,"column":32}},{"start":{"line":119,"column":36},"end":{"line":119,"column":63}}],"line":119},"10":{"loc":{"start":{"line":137,"column":11},"end":{"line":145,"column":11}},"type":"binary-expr","locations":[{"start":{"line":137,"column":11},"end":{"line":137,"column":25}},{"start":{"line":138,"column":12},"end":{"line":144,"column":14}}],"line":137}},"s":{"0":0,"1":0,"2":0,"3":0,"4":0,"5":0,"6":0,"7":0,"8":0,"9":0,"10":0,"11":0,"12":0,"13":0,"14":0,"15":0,"16":0,"17":0,"18":0,"19":0,"20":0,"21":0,"22":0,"23":0,"24":0,"25":0},"f":{"0":0,"1":0,"2":0,"3":0,"4":0,"5":0,"6":0,"7":0},"b":{"0":[0,0],"1":[0,0,0],"2":[0,0],"3":[0,0],"4":[0,0],"5":[0,0],"6":[0,0],"7":[0,0],"8":[0,0],"9":[0,0],"10":[0,0]}}
,"E:\\downloads\\a0-project\\components\\Dashboard.tsx": {"path":"E:\\downloads\\a0-project\\components\\Dashboard.tsx","statementMap":{"0":{"start":{"line":4,"column":21},"end":{"line":4,"column":33}},"1":{"start":{"line":5,"column":25},"end":{"line":5,"column":68}},"2":{"start":{"line":5,"column":46},"end":{"line":5,"column":60}},"3":{"start":{"line":6,"column":23},"end":{"line":6,"column":50}},"4":{"start":{"line":7,"column":28},"end":{"line":7,"column":81}},"5":{"start":{"line":7,"column":49},"end":{"line":7,"column":73}},"6":{"start":{"line":9,"column":21},"end":{"line":9,"column":85}},"7":{"start":{"line":11,"column":2},"end":{"line":33,"column":4}},"8":{"start":{"line":36,"column":15},"end":{"line":77,"column":2}}},"fnMap":{"0":{"name":"Dashboard","decl":{"start":{"line":3,"column":24},"end":{"line":3,"column":33}},"loc":{"start":{"line":3,"column":45},"end":{"line":34,"column":1}},"line":3},"1":{"name":"(anonymous_1)","decl":{"start":{"line":5,"column":38},"end":{"line":5,"column":39}},"loc":{"start":{"line":5,"column":46},"end":{"line":5,"column":60}},"line":5},"2":{"name":"(anonymous_2)","decl":{"start":{"line":7,"column":41},"end":{"line":7,"column":42}},"loc":{"start":{"line":7,"column":49},"end":{"line":7,"column":73}},"line":7}},"branchMap":{"0":{"loc":{"start":{"line":9,"column":21},"end":{"line":9,"column":85}},"type":"cond-expr","locations":[{"start":{"line":9,"column":34},"end":{"line":9,"column":81}},{"start":{"line":9,"column":84},"end":{"line":9,"column":85}}],"line":9}},"s":{"0":0,"1":0,"2":0,"3":0,"4":0,"5":0,"6":0,"7":0,"8":0},"f":{"0":0,"1":0,"2":0},"b":{"0":[0,0]}}
,"E:\\downloads\\a0-project\\components\\EditTaskModal.tsx": {"path":"E:\\downloads\\a0-project\\components\\EditTaskModal.tsx","statementMap":{"0":{"start":{"line":13,"column":16},"end":{"line":13,"column":100}},"1":{"start":{"line":14,"column":19},"end":{"line":14,"column":44}},"2":{"start":{"line":17,"column":28},"end":{"line":17,"column":40}},"3":{"start":{"line":18,"column":30},"end":{"line":18,"column":42}},"4":{"start":{"line":19,"column":34},"end":{"line":19,"column":46}},"5":{"start":{"line":20,"column":32},"end":{"line":20,"column":52}},"6":{"start":{"line":21,"column":46},"end":{"line":21,"column":61}},"7":{"start":{"line":23,"column":2},"end":{"line":30,"column":13}},"8":{"start":{"line":24,"column":4},"end":{"line":29,"column":5}},"9":{"start":{"line":25,"column":6},"end":{"line":25,"column":27}},"10":{"start":{"line":26,"column":6},"end":{"line":26,"column":29}},"11":{"start":{"line":27,"column":6},"end":{"line":27,"column":33}},"12":{"start":{"line":28,"column":6},"end":{"line":28,"column":31}},"13":{"start":{"line":32,"column":21},"end":{"line":35,"column":3}},"14":{"start":{"line":33,"column":4},"end":{"line":33,"column":47}},"15":{"start":{"line":33,"column":40},"end":{"line":33,"column":47}},"16":{"start":{"line":34,"column":4},"end":{"line":34,"column":58}},"17":{"start":{"line":37,"column":27},"end":{"line":40,"column":3}},"18":{"start":{"line":38,"column":4},"end":{"line":38,"column":29}},"19":{"start":{"line":39,"column":4},"end":{"line":39,"column":47}},"20":{"start":{"line":39,"column":22},"end":{"line":39,"column":47}},"21":{"start":{"line":42,"column":2},"end":{"line":125,"column":4}},"22":{"start":{"line":58,"column":14},"end":{"line":66,"column":33}},"23":{"start":{"line":61,"column":31},"end":{"line":61,"column":43}},"24":{"start":{"line":73,"column":14},"end":{"line":96,"column":33}},"25":{"start":{"line":89,"column":31},"end":{"line":89,"column":45}},"26":{"start":{"line":101,"column":62},"end":{"line":101,"column":85}},"27":{"start":{"line":128,"column":15},"end":{"line":175,"column":2}}},"fnMap":{"0":{"name":"EditTaskModal","decl":{"start":{"line":16,"column":24},"end":{"line":16,"column":37}},"loc":{"start":{"line":16,"column":74},"end":{"line":126,"column":1}},"line":16},"1":{"name":"(anonymous_1)","decl":{"start":{"line":23,"column":12},"end":{"line":23,"column":13}},"loc":{"start":{"line":23,"column":18},"end":{"line":30,"column":3}},"line":23},"2":{"name":"(anonymous_2)","decl":{"start":{"line":32,"column":21},"end":{"line":32,"column":22}},"loc":{"start":{"line":32,"column":27},"end":{"line":35,"column":3}},"line":32},"3":{"name":"(anonymous_3)","decl":{"start":{"line":37,"column":27},"end":{"line":37,"column":28}},"loc":{"start":{"line":37,"column":52},"end":{"line":40,"column":3}},"line":37},"4":{"name":"(anonymous_4)","decl":{"start":{"line":57,"column":25},"end":{"line":57,"column":26}},"loc":{"start":{"line":58,"column":14},"end":{"line":66,"column":33}},"line":58},"5":{"name":"(anonymous_5)","decl":{"start":{"line":61,"column":25},"end":{"line":61,"column":26}},"loc":{"start":{"line":61,"column":31},"end":{"line":61,"column":43}},"line":61},"6":{"name":"(anonymous_6)","decl":{"start":{"line":72,"column":28},"end":{"line":72,"column":29}},"loc":{"start":{"line":73,"column":14},"end":{"line":96,"column":33}},"line":73},"7":{"name":"(anonymous_7)","decl":{"start":{"line":89,"column":25},"end":{"line":89,"column":26}},"loc":{"start":{"line":89,"column":31},"end":{"line":89,"column":45}},"line":89},"8":{"name":"(anonymous_8)","decl":{"start":{"line":101,"column":56},"end":{"line":101,"column":57}},"loc":{"start":{"line":101,"column":62},"end":{"line":101,"column":85}},"line":101}},"branchMap":{"0":{"loc":{"start":{"line":24,"column":4},"end":{"line":29,"column":5}},"type":"if","locations":[{"start":{"line":24,"column":4},"end":{"line":29,"column":5}},{"start":{},"end":{}}],"line":24},"1":{"loc":{"start":{"line":33,"column":4},"end":{"line":33,"column":47}},"type":"if","locations":[{"start":{"line":33,"column":4},"end":{"line":33,"column":47}},{"start":{},"end":{}}],"line":33},"2":{"loc":{"start":{"line":33,"column":8},"end":{"line":33,"column":38}},"type":"binary-expr","locations":[{"start":{"line":33,"column":8},"end":{"line":33,"column":14}},{"start":{"line":33,"column":18},"end":{"line":33,"column":25}},{"start":{"line":33,"column":29},"end":{"line":33,"column":38}}],"line":33},"3":{"loc":{"start":{"line":39,"column":4},"end":{"line":39,"column":47}},"type":"if","locations":[{"start":{"line":39,"column":4},"end":{"line":39,"column":47}},{"start":{},"end":{}}],"line":39},"4":{"loc":{"start":{"line":60,"column":45},"end":{"line":60,"column":82}},"type":"binary-expr","locations":[{"start":{"line":60,"column":45},"end":{"line":60,"column":57}},{"start":{"line":60,"column":61},"end":{"line":60,"column":82}}],"line":60},"5":{"loc":{"start":{"line":63,"column":49},"end":{"line":63,"column":90}},"type":"binary-expr","locations":[{"start":{"line":63,"column":49},"end":{"line":63,"column":61}},{"start":{"line":63,"column":65},"end":{"line":63,"column":90}}],"line":63},"6":{"loc":{"start":{"line":77,"column":18},"end":{"line":77,"column":59}},"type":"binary-expr","locations":[{"start":{"line":77,"column":18},"end":{"line":77,"column":32}},{"start":{"line":77,"column":36},"end":{"line":77,"column":59}}],"line":77},"7":{"loc":{"start":{"line":80,"column":22},"end":{"line":86,"column":35}},"type":"cond-expr","locations":[{"start":{"line":81,"column":26},"end":{"line":85,"column":37}},{"start":{"line":86,"column":26},"end":{"line":86,"column":35}}],"line":80},"8":{"loc":{"start":{"line":81,"column":26},"end":{"line":85,"column":37}},"type":"cond-expr","locations":[{"start":{"line":82,"column":28},"end":{"line":82,"column":37}},{"start":{"line":83,"column":28},"end":{"line":85,"column":37}}],"line":81},"9":{"loc":{"start":{"line":83,"column":28},"end":{"line":85,"column":37}},"type":"cond-expr","locations":[{"start":{"line":84,"column":28},"end":{"line":84,"column":37}},{"start":{"line":85,"column":28},"end":{"line":85,"column":37}}],"line":83},"10":{"loc":{"start":{"line":92,"column":47},"end":{"line":92,"column":92}},"type":"binary-expr","locations":[{"start":{"line":92,"column":47},"end":{"line":92,"column":61}},{"start":{"line":92,"column":65},"end":{"line":92,"column":92}}],"line":92},"11":{"loc":{"start":{"line":104,"column":11},"end":{"line":112,"column":11}},"type":"binary-expr","locations":[{"start":{"line":104,"column":11},"end":{"line":104,"column":25}},{"start":{"line":105,"column":12},"end":{"line":111,"column":14}}],"line":104}},"s":{"0":0,"1":0,"2":0,"3":0,"4":0,"5":0,"6":0,"7":0,"8":0,"9":0,"10":0,"11":0,"12":0,"13":0,"14":0,"15":0,"16":0,"17":0,"18":0,"19":0,"20":0,"21":0,"22":0,"23":0,"24":0,"25":0,"26":0,"27":0},"f":{"0":0,"1":0,"2":0,"3":0,"4":0,"5":0,"6":0,"7":0,"8":0},"b":{"0":[0,0],"1":[0,0],"2":[0,0,0],"3":[0,0],"4":[0,0],"5":[0,0],"6":[0,0],"7":[0,0],"8":[0,0],"9":[0,0],"10":[0,0],"11":[0,0]}}
,"E:\\downloads\\a0-project\\components\\TaskCheckbox.tsx": {"path":"E:\\downloads\\a0-project\\components\\TaskCheckbox.tsx","statementMap":{"0":{"start":{"line":11,"column":21},"end":{"line":50,"column":1}},"1":{"start":{"line":13,"column":20},"end":{"line":13,"column":57}},"2":{"start":{"line":16,"column":2},"end":{"line":29,"column":18}},"3":{"start":{"line":17,"column":4},"end":{"line":28,"column":15}},"4":{"start":{"line":31,"column":2},"end":{"line":49,"column":4}},"5":{"start":{"line":52,"column":15},"end":{"line":70,"column":2}}},"fnMap":{"0":{"name":"(anonymous_0)","decl":{"start":{"line":11,"column":21},"end":{"line":11,"column":22}},"loc":{"start":{"line":11,"column":69},"end":{"line":50,"column":1}},"line":11},"1":{"name":"(anonymous_1)","decl":{"start":{"line":16,"column":12},"end":{"line":16,"column":13}},"loc":{"start":{"line":16,"column":18},"end":{"line":29,"column":3}},"line":16}},"branchMap":{"0":{"loc":{"start":{"line":40,"column":10},"end":{"line":40,"column":47}},"type":"binary-expr","locations":[{"start":{"line":40,"column":10},"end":{"line":40,"column":19}},{"start":{"line":40,"column":23},"end":{"line":40,"column":47}}],"line":40},"1":{"loc":{"start":{"line":44,"column":9},"end":{"line":46,"column":9}},"type":"binary-expr","locations":[{"start":{"line":44,"column":9},"end":{"line":44,"column":18}},{"start":{"line":45,"column":10},"end":{"line":45,"column":45}}],"line":44}},"s":{"0":0,"1":0,"2":0,"3":0,"4":0,"5":0},"f":{"0":0,"1":0},"b":{"0":[0,0],"1":[0,0]}}
,"E:\\downloads\\a0-project\\components\\TaskList.tsx": {"path":"E:\\downloads\\a0-project\\components\\TaskList.tsx","statementMap":{"0":{"start":{"line":5,"column":25},"end":{"line":12,"column":1}},"1":{"start":{"line":6,"column":2},"end":{"line":11,"column":3}},"2":{"start":{"line":7,"column":17},"end":{"line":7,"column":34}},"3":{"start":{"line":8,"column":19},"end":{"line":8,"column":36}},"4":{"start":{"line":9,"column":16},"end":{"line":9,"column":33}},"5":{"start":{"line":10,"column":13},"end":{"line":10,"column":30}},"6":{"start":{"line":15,"column":15},"end":{"line":44,"column":2}},"7":{"start":{"line":48,"column":2},"end":{"line":99,"column":4}},"8":{"start":{"line":52,"column":8},"end":{"line":96,"column":15}},"9":{"start":{"line":55,"column":27},"end":{"line":55,"column":52}},"10":{"start":{"line":66,"column":27},"end":{"line":66,"column":43}},"11":{"start":{"line":92,"column":27},"end":{"line":92,"column":48}}},"fnMap":{"0":{"name":"(anonymous_0)","decl":{"start":{"line":5,"column":25},"end":{"line":5,"column":26}},"loc":{"start":{"line":5,"column":39},"end":{"line":12,"column":1}},"line":5},"1":{"name":"TaskList","decl":{"start":{"line":47,"column":24},"end":{"line":47,"column":32}},"loc":{"start":{"line":47,"column":88},"end":{"line":100,"column":1}},"line":47},"2":{"name":"(anonymous_2)","decl":{"start":{"line":51,"column":17},"end":{"line":51,"column":18}},"loc":{"start":{"line":52,"column":8},"end":{"line":96,"column":15}},"line":52},"3":{"name":"(anonymous_3)","decl":{"start":{"line":55,"column":21},"end":{"line":55,"column":22}},"loc":{"start":{"line":55,"column":27},"end":{"line":55,"column":52}},"line":55},"4":{"name":"(anonymous_4)","decl":{"start":{"line":66,"column":21},"end":{"line":66,"column":22}},"loc":{"start":{"line":66,"column":27},"end":{"line":66,"column":43}},"line":66},"5":{"name":"(anonymous_5)","decl":{"start":{"line":92,"column":21},"end":{"line":92,"column":22}},"loc":{"start":{"line":92,"column":27},"end":{"line":92,"column":48}},"line":92}},"branchMap":{"0":{"loc":{"start":{"line":6,"column":2},"end":{"line":11,"column":3}},"type":"switch","locations":[{"start":{"line":7,"column":4},"end":{"line":7,"column":34}},{"start":{"line":8,"column":4},"end":{"line":8,"column":36}},{"start":{"line":9,"column":4},"end":{"line":9,"column":33}},{"start":{"line":10,"column":4},"end":{"line":10,"column":30}}],"line":6},"1":{"loc":{"start":{"line":58,"column":20},"end":{"line":58,"column":76}},"type":"cond-expr","locations":[{"start":{"line":58,"column":37},"end":{"line":58,"column":48}},{"start":{"line":58,"column":51},"end":{"line":58,"column":76}}],"line":58},"2":{"loc":{"start":{"line":70,"column":14},"end":{"line":70,"column":52}},"type":"binary-expr","locations":[{"start":{"line":70,"column":14},"end":{"line":70,"column":28}},{"start":{"line":70,"column":32},"end":{"line":70,"column":52}}],"line":70}},"s":{"0":0,"1":0,"2":0,"3":0,"4":0,"5":0,"6":0,"7":0,"8":0,"9":0,"10":0,"11":0},"f":{"0":0,"1":0,"2":0,"3":0,"4":0,"5":0},"b":{"0":[0,0,0,0],"1":[0,0],"2":[0,0]}}
,"E:\\downloads\\a0-project\\screens\\CalendarScreen.tsx": {"path":"E:\\downloads\\a0-project\\screens\\CalendarScreen.tsx","statementMap":{"0":{"start":{"line":10,"column":22},"end":{"line":10,"column":38}},"1":{"start":{"line":11,"column":17},"end":{"line":11,"column":39}},"2":{"start":{"line":12,"column":40},"end":{"line":12,"column":60}},"3":{"start":{"line":13,"column":34},"end":{"line":13,"column":68}},"4":{"start":{"line":14,"column":28},"end":{"line":14,"column":48}},"5":{"start":{"line":15,"column":42},"end":{"line":15,"column":69}},"6":{"start":{"line":16,"column":19},"end":{"line":16,"column":40}},"7":{"start":{"line":18,"column":2},"end":{"line":25,"column":9}},"8":{"start":{"line":19,"column":4},"end":{"line":19,"column":16}},"9":{"start":{"line":20,"column":4},"end":{"line":24,"column":15}},"10":{"start":{"line":27,"column":20},"end":{"line":34,"column":3}},"11":{"start":{"line":28,"column":4},"end":{"line":33,"column":5}},"12":{"start":{"line":29,"column":26},"end":{"line":29,"column":50}},"13":{"start":{"line":30,"column":6},"end":{"line":30,"column":28}},"14":{"start":{"line":32,"column":6},"end":{"line":32,"column":51}},"15":{"start":{"line":36,"column":24},"end":{"line":44,"column":3}},"16":{"start":{"line":37,"column":18},"end":{"line":37,"column":32}},"17":{"start":{"line":38,"column":4},"end":{"line":38,"column":50}},"18":{"start":{"line":39,"column":4},"end":{"line":43,"column":7}},"19":{"start":{"line":40,"column":18},"end":{"line":40,"column":33}},"20":{"start":{"line":41,"column":6},"end":{"line":41,"column":39}},"21":{"start":{"line":42,"column":6},"end":{"line":42,"column":17}},"22":{"start":{"line":46,"column":25},"end":{"line":56,"column":3}},"23":{"start":{"line":47,"column":17},"end":{"line":47,"column":35}},"24":{"start":{"line":48,"column":18},"end":{"line":48,"column":33}},"25":{"start":{"line":49,"column":21},"end":{"line":49,"column":45}},"26":{"start":{"line":50,"column":20},"end":{"line":50,"column":48}},"27":{"start":{"line":51,"column":17},"end":{"line":54,"column":6}},"28":{"start":{"line":52,"column":18},"end":{"line":52,"column":46}},"29":{"start":{"line":53,"column":6},"end":{"line":53,"column":17}},"30":{"start":{"line":55,"column":4},"end":{"line":55,"column":16}},"31":{"start":{"line":58,"column":21},"end":{"line":66,"column":3}},"32":{"start":{"line":59,"column":20},"end":{"line":59,"column":41}},"33":{"start":{"line":60,"column":4},"end":{"line":64,"column":5}},"34":{"start":{"line":61,"column":6},"end":{"line":61,"column":49}},"35":{"start":{"line":63,"column":6},"end":{"line":63,"column":51}},"36":{"start":{"line":65,"column":4},"end":{"line":65,"column":28}},"37":{"start":{"line":68,"column":21},"end":{"line":76,"column":3}},"38":{"start":{"line":69,"column":20},"end":{"line":69,"column":41}},"39":{"start":{"line":70,"column":4},"end":{"line":74,"column":5}},"40":{"start":{"line":71,"column":6},"end":{"line":71,"column":49}},"41":{"start":{"line":73,"column":6},"end":{"line":73,"column":51}},"42":{"start":{"line":75,"column":4},"end":{"line":75,"column":28}},"43":{"start":{"line":78,"column":25},"end":{"line":83,"column":3}},"44":{"start":{"line":79,"column":4},"end":{"line":82,"column":7}},"45":{"start":{"line":80,"column":23},"end":{"line":80,"column":46}},"46":{"start":{"line":81,"column":6},"end":{"line":81,"column":61}},"47":{"start":{"line":85,"column":20},"end":{"line":123,"column":3}},"48":{"start":{"line":86,"column":21},"end":{"line":86,"column":41}},"49":{"start":{"line":87,"column":20},"end":{"line":87,"column":69}},"50":{"start":{"line":88,"column":23},"end":{"line":88,"column":75}},"51":{"start":{"line":90,"column":4},"end":{"line":122,"column":6}},"52":{"start":{"line":99,"column":23},"end":{"line":99,"column":44}},"53":{"start":{"line":110,"column":32},"end":{"line":110,"column":53}},"54":{"start":{"line":125,"column":34},"end":{"line":178,"column":3}},"55":{"start":{"line":126,"column":4},"end":{"line":126,"column":35}},"56":{"start":{"line":126,"column":23},"end":{"line":126,"column":35}},"57":{"start":{"line":127,"column":21},"end":{"line":127,"column":49}},"58":{"start":{"line":129,"column":4},"end":{"line":177,"column":6}},"59":{"start":{"line":147,"column":14},"end":{"line":172,"column":21}},"60":{"start":{"line":180,"column":2},"end":{"line":241,"column":4}},"61":{"start":{"line":204,"column":29},"end":{"line":204,"column":48}},"62":{"start":{"line":219,"column":29},"end":{"line":219,"column":49}},"63":{"start":{"line":245,"column":2},"end":{"line":254,"column":3}},"64":{"start":{"line":247,"column":6},"end":{"line":247,"column":38}},"65":{"start":{"line":249,"column":6},"end":{"line":249,"column":38}},"66":{"start":{"line":251,"column":6},"end":{"line":251,"column":38}},"67":{"start":{"line":253,"column":6},"end":{"line":253,"column":27}},"68":{"start":{"line":257,"column":15},"end":{"line":392,"column":2}}},"fnMap":{"0":{"name":"CalendarScreen","decl":{"start":{"line":9,"column":24},"end":{"line":9,"column":38}},"loc":{"start":{"line":9,"column":41},"end":{"line":242,"column":1}},"line":9},"1":{"name":"(anonymous_1)","decl":{"start":{"line":18,"column":18},"end":{"line":18,"column":19}},"loc":{"start":{"line":18,"column":24},"end":{"line":25,"column":3}},"line":18},"2":{"name":"(anonymous_2)","decl":{"start":{"line":27,"column":20},"end":{"line":27,"column":21}},"loc":{"start":{"line":27,"column":32},"end":{"line":34,"column":3}},"line":27},"3":{"name":"(anonymous_3)","decl":{"start":{"line":36,"column":24},"end":{"line":36,"column":25}},"loc":{"start":{"line":36,"column":40},"end":{"line":44,"column":3}},"line":36},"4":{"name":"(anonymous_4)","decl":{"start":{"line":39,"column":37},"end":{"line":39,"column":38}},"loc":{"start":{"line":39,"column":47},"end":{"line":43,"column":5}},"line":39},"5":{"name":"(anonymous_5)","decl":{"start":{"line":46,"column":25},"end":{"line":46,"column":26}},"loc":{"start":{"line":46,"column":41},"end":{"line":56,"column":3}},"line":46},"6":{"name":"(anonymous_6)","decl":{"start":{"line":51,"column":59},"end":{"line":51,"column":60}},"loc":{"start":{"line":51,"column":69},"end":{"line":54,"column":5}},"line":51},"7":{"name":"(anonymous_7)","decl":{"start":{"line":58,"column":21},"end":{"line":58,"column":22}},"loc":{"start":{"line":58,"column":27},"end":{"line":66,"column":3}},"line":58},"8":{"name":"(anonymous_8)","decl":{"start":{"line":68,"column":21},"end":{"line":68,"column":22}},"loc":{"start":{"line":68,"column":27},"end":{"line":76,"column":3}},"line":68},"9":{"name":"(anonymous_9)","decl":{"start":{"line":78,"column":25},"end":{"line":78,"column":26}},"loc":{"start":{"line":78,"column":41},"end":{"line":83,"column":3}},"line":78},"10":{"name":"(anonymous_10)","decl":{"start":{"line":79,"column":24},"end":{"line":79,"column":25}},"loc":{"start":{"line":79,"column":32},"end":{"line":82,"column":5}},"line":79},"11":{"name":"(anonymous_11)","decl":{"start":{"line":85,"column":20},"end":{"line":85,"column":21}},"loc":{"start":{"line":85,"column":36},"end":{"line":123,"column":3}},"line":85},"12":{"name":"(anonymous_12)","decl":{"start":{"line":99,"column":17},"end":{"line":99,"column":18}},"loc":{"start":{"line":99,"column":23},"end":{"line":99,"column":44}},"line":99},"13":{"name":"(anonymous_13)","decl":{"start":{"line":110,"column":27},"end":{"line":110,"column":28}},"loc":{"start":{"line":110,"column":32},"end":{"line":110,"column":53}},"line":110},"14":{"name":"(anonymous_14)","decl":{"start":{"line":125,"column":34},"end":{"line":125,"column":35}},"loc":{"start":{"line":125,"column":40},"end":{"line":178,"column":3}},"line":125},"15":{"name":"(anonymous_15)","decl":{"start":{"line":146,"column":26},"end":{"line":146,"column":27}},"loc":{"start":{"line":147,"column":14},"end":{"line":172,"column":21}},"line":147},"16":{"name":"(anonymous_16)","decl":{"start":{"line":204,"column":23},"end":{"line":204,"column":24}},"loc":{"start":{"line":204,"column":29},"end":{"line":204,"column":48}},"line":204},"17":{"name":"(anonymous_17)","decl":{"start":{"line":219,"column":23},"end":{"line":219,"column":24}},"loc":{"start":{"line":219,"column":29},"end":{"line":219,"column":49}},"line":219},"18":{"name":"getPriorityBackgroundColor","decl":{"start":{"line":244,"column":9},"end":{"line":244,"column":35}},"loc":{"start":{"line":244,"column":81},"end":{"line":255,"column":1}},"line":244}},"branchMap":{"0":{"loc":{"start":{"line":60,"column":4},"end":{"line":64,"column":5}},"type":"if","locations":[{"start":{"line":60,"column":4},"end":{"line":64,"column":5}},{"start":{"line":62,"column":11},"end":{"line":64,"column":5}}],"line":60},"1":{"loc":{"start":{"line":70,"column":4},"end":{"line":74,"column":5}},"type":"if","locations":[{"start":{"line":70,"column":4},"end":{"line":74,"column":5}},{"start":{"line":72,"column":11},"end":{"line":74,"column":5}}],"line":70},"2":{"loc":{"start":{"line":95,"column":10},"end":{"line":95,"column":42}},"type":"binary-expr","locations":[{"start":{"line":95,"column":10},"end":{"line":95,"column":17}},{"start":{"line":95,"column":21},"end":{"line":95,"column":42}}],"line":95},"3":{"loc":{"start":{"line":96,"column":10},"end":{"line":96,"column":48}},"type":"binary-expr","locations":[{"start":{"line":96,"column":10},"end":{"line":96,"column":20}},{"start":{"line":96,"column":24},"end":{"line":96,"column":48}}],"line":96},"4":{"loc":{"start":{"line":97,"column":29},"end":{"line":97,"column":86}},"type":"cond-expr","locations":[{"start":{"line":97,"column":38},"end":{"line":97,"column":60}},{"start":{"line":97,"column":63},"end":{"line":97,"column":86}}],"line":97},"5":{"loc":{"start":{"line":103,"column":10},"end":{"line":103,"column":37}},"type":"binary-expr","locations":[{"start":{"line":103,"column":10},"end":{"line":103,"column":17}},{"start":{"line":103,"column":21},"end":{"line":103,"column":37}}],"line":103},"6":{"loc":{"start":{"line":104,"column":19},"end":{"line":104,"column":67}},"type":"cond-expr","locations":[{"start":{"line":104,"column":28},"end":{"line":104,"column":45}},{"start":{"line":104,"column":48},"end":{"line":104,"column":67}}],"line":104},"7":{"loc":{"start":{"line":108,"column":9},"end":{"line":120,"column":9}},"type":"binary-expr","locations":[{"start":{"line":108,"column":9},"end":{"line":108,"column":28}},{"start":{"line":109,"column":10},"end":{"line":119,"column":17}}],"line":108},"8":{"loc":{"start":{"line":110,"column":13},"end":{"line":112,"column":13}},"type":"binary-expr","locations":[{"start":{"line":110,"column":13},"end":{"line":110,"column":54}},{"start":{"line":111,"column":14},"end":{"line":111,"column":63}}],"line":110},"9":{"loc":{"start":{"line":115,"column":23},"end":{"line":115,"column":71}},"type":"cond-expr","locations":[{"start":{"line":115,"column":32},"end":{"line":115,"column":49}},{"start":{"line":115,"column":52},"end":{"line":115,"column":71}}],"line":115},"10":{"loc":{"start":{"line":126,"column":4},"end":{"line":126,"column":35}},"type":"if","locations":[{"start":{"line":126,"column":4},"end":{"line":126,"column":35}},{"start":{},"end":{}}],"line":126},"11":{"loc":{"start":{"line":133,"column":19},"end":{"line":133,"column":67}},"type":"cond-expr","locations":[{"start":{"line":133,"column":28},"end":{"line":133,"column":45}},{"start":{"line":133,"column":48},"end":{"line":133,"column":67}}],"line":133},"12":{"loc":{"start":{"line":137,"column":9},"end":{"line":175,"column":9}},"type":"cond-expr","locations":[{"start":{"line":138,"column":10},"end":{"line":143,"column":17}},{"start":{"line":145,"column":10},"end":{"line":174,"column":23}}],"line":137},"13":{"loc":{"start":{"line":140,"column":21},"end":{"line":140,"column":71}},"type":"cond-expr","locations":[{"start":{"line":140,"column":30},"end":{"line":140,"column":47}},{"start":{"line":140,"column":50},"end":{"line":140,"column":71}}],"line":140},"14":{"loc":{"start":{"line":149,"column":35},"end":{"line":149,"column":92}},"type":"cond-expr","locations":[{"start":{"line":149,"column":44},"end":{"line":149,"column":66}},{"start":{"line":149,"column":69},"end":{"line":149,"column":92}}],"line":149},"15":{"loc":{"start":{"line":155,"column":19},"end":{"line":155,"column":96}},"type":"binary-expr","locations":[{"start":{"line":155,"column":19},"end":{"line":155,"column":43}},{"start":{"line":155,"column":47},"end":{"line":155,"column":96}}],"line":155},"16":{"loc":{"start":{"line":160,"column":29},"end":{"line":160,"column":77}},"type":"cond-expr","locations":[{"start":{"line":160,"column":38},"end":{"line":160,"column":55}},{"start":{"line":160,"column":58},"end":{"line":160,"column":77}}],"line":160},"17":{"loc":{"start":{"line":166,"column":29},"end":{"line":166,"column":79}},"type":"cond-expr","locations":[{"start":{"line":166,"column":38},"end":{"line":166,"column":55}},{"start":{"line":166,"column":58},"end":{"line":166,"column":79}}],"line":166},"18":{"loc":{"start":{"line":171,"column":40},"end":{"line":171,"column":90}},"type":"cond-expr","locations":[{"start":{"line":171,"column":49},"end":{"line":171,"column":66}},{"start":{"line":171,"column":69},"end":{"line":171,"column":90}}],"line":171},"19":{"loc":{"start":{"line":181,"column":55},"end":{"line":181,"column":112}},"type":"cond-expr","locations":[{"start":{"line":181,"column":64},"end":{"line":181,"column":86}},{"start":{"line":181,"column":89},"end":{"line":181,"column":112}}],"line":181},"20":{"loc":{"start":{"line":183,"column":16},"end":{"line":183,"column":79}},"type":"cond-expr","locations":[{"start":{"line":183,"column":25},"end":{"line":183,"column":50}},{"start":{"line":183,"column":53},"end":{"line":183,"column":79}}],"line":183},"21":{"loc":{"start":{"line":189,"column":44},"end":{"line":189,"column":92}},"type":"cond-expr","locations":[{"start":{"line":189,"column":53},"end":{"line":189,"column":70}},{"start":{"line":189,"column":73},"end":{"line":189,"column":92}}],"line":189},"22":{"loc":{"start":{"line":191,"column":53},"end":{"line":191,"column":101}},"type":"cond-expr","locations":[{"start":{"line":191,"column":62},"end":{"line":191,"column":79}},{"start":{"line":191,"column":82},"end":{"line":191,"column":101}}],"line":191},"23":{"loc":{"start":{"line":195,"column":45},"end":{"line":195,"column":93}},"type":"cond-expr","locations":[{"start":{"line":195,"column":54},"end":{"line":195,"column":71}},{"start":{"line":195,"column":74},"end":{"line":195,"column":93}}],"line":195},"24":{"loc":{"start":{"line":202,"column":16},"end":{"line":202,"column":66}},"type":"binary-expr","locations":[{"start":{"line":202,"column":16},"end":{"line":202,"column":35}},{"start":{"line":202,"column":39},"end":{"line":202,"column":66}}],"line":202},"25":{"loc":{"start":{"line":208,"column":16},"end":{"line":208,"column":64}},"type":"binary-expr","locations":[{"start":{"line":208,"column":16},"end":{"line":208,"column":35}},{"start":{"line":208,"column":39},"end":{"line":208,"column":64}}],"line":208},"26":{"loc":{"start":{"line":209,"column":25},"end":{"line":209,"column":73}},"type":"cond-expr","locations":[{"start":{"line":209,"column":34},"end":{"line":209,"column":51}},{"start":{"line":209,"column":54},"end":{"line":209,"column":73}}],"line":209},"27":{"loc":{"start":{"line":217,"column":16},"end":{"line":217,"column":67}},"type":"binary-expr","locations":[{"start":{"line":217,"column":16},"end":{"line":217,"column":36}},{"start":{"line":217,"column":40},"end":{"line":217,"column":67}}],"line":217},"28":{"loc":{"start":{"line":223,"column":16},"end":{"line":223,"column":65}},"type":"binary-expr","locations":[{"start":{"line":223,"column":16},"end":{"line":223,"column":36}},{"start":{"line":223,"column":40},"end":{"line":223,"column":65}}],"line":223},"29":{"loc":{"start":{"line":224,"column":25},"end":{"line":224,"column":73}},"type":"cond-expr","locations":[{"start":{"line":224,"column":34},"end":{"line":224,"column":51}},{"start":{"line":224,"column":54},"end":{"line":224,"column":73}}],"line":224},"30":{"loc":{"start":{"line":235,"column":11},"end":{"line":235,"column":119}},"type":"cond-expr","locations":[{"start":{"line":235,"column":33},"end":{"line":235,"column":74}},{"start":{"line":235,"column":77},"end":{"line":235,"column":119}}],"line":235},"31":{"loc":{"start":{"line":245,"column":2},"end":{"line":254,"column":3}},"type":"switch","locations":[{"start":{"line":246,"column":4},"end":{"line":247,"column":38}},{"start":{"line":248,"column":4},"end":{"line":249,"column":38}},{"start":{"line":250,"column":4},"end":{"line":251,"column":38}},{"start":{"line":252,"column":4},"end":{"line":253,"column":27}}],"line":245}},"s":{"0":0,"1":0,"2":0,"3":0,"4":0,"5":0,"6":0,"7":0,"8":0,"9":0,"10":0,"11":0,"12":0,"13":0,"14":0,"15":0,"16":0,"17":0,"18":0,"19":0,"20":0,"21":0,"22":0,"23":0,"24":0,"25":0,"26":0,"27":0,"28":0,"29":0,"30":0,"31":0,"32":0,"33":0,"34":0,"35":0,"36":0,"37":0,"38":0,"39":0,"40":0,"41":0,"42":0,"43":0,"44":0,"45":0,"46":0,"47":0,"48":0,"49":0,"50":0,"51":0,"52":0,"53":0,"54":0,"55":0,"56":0,"57":0,"58":0,"59":0,"60":0,"61":0,"62":0,"63":0,"64":0,"65":0,"66":0,"67":0,"68":0},"f":{"0":0,"1":0,"2":0,"3":0,"4":0,"5":0,"6":0,"7":0,"8":0,"9":0,"10":0,"11":0,"12":0,"13":0,"14":0,"15":0,"16":0,"17":0,"18":0},"b":{"0":[0,0],"1":[0,0],"2":[0,0],"3":[0,0],"4":[0,0],"5":[0,0],"6":[0,0],"7":[0,0],"8":[0,0],"9":[0,0],"10":[0,0],"11":[0,0],"12":[0,0],"13":[0,0],"14":[0,0],"15":[0,0],"16":[0,0],"17":[0,0],"18":[0,0],"19":[0,0],"20":[0,0],"21":[0,0],"22":[0,0],"23":[0,0],"24":[0,0],"25":[0,0],"26":[0,0],"27":[0,0],"28":[0,0],"29":[0,0],"30":[0,0],"31":[0,0,0,0]}}
,"E:\\downloads\\a0-project\\screens\\HomeScreen.tsx": {"path":"E:\\downloads\\a0-project\\screens\\HomeScreen.tsx","statementMap":{"0":{"start":{"line":12,"column":22},"end":{"line":12,"column":38}},"1":{"start":{"line":13,"column":17},"end":{"line":13,"column":39}},"2":{"start":{"line":14,"column":28},"end":{"line":14,"column":48}},"3":{"start":{"line":15,"column":52},"end":{"line":15,"column":67}},"4":{"start":{"line":16,"column":50},"end":{"line":16,"column":65}},"5":{"start":{"line":17,"column":18},"end":{"line":17,"column":39}},"6":{"start":{"line":18,"column":42},"end":{"line":18,"column":62}},"7":{"start":{"line":20,"column":2},"end":{"line":22,"column":9}},"8":{"start":{"line":21,"column":4},"end":{"line":21,"column":16}},"9":{"start":{"line":24,"column":20},"end":{"line":31,"column":3}},"10":{"start":{"line":25,"column":4},"end":{"line":30,"column":5}},"11":{"start":{"line":26,"column":26},"end":{"line":26,"column":50}},"12":{"start":{"line":27,"column":6},"end":{"line":27,"column":28}},"13":{"start":{"line":29,"column":6},"end":{"line":29,"column":51}},"14":{"start":{"line":33,"column":24},"end":{"line":41,"column":3}},"15":{"start":{"line":34,"column":4},"end":{"line":40,"column":5}},"16":{"start":{"line":35,"column":24},"end":{"line":35,"column":54}},"17":{"start":{"line":36,"column":6},"end":{"line":36,"column":55}},"18":{"start":{"line":36,"column":28},"end":{"line":36,"column":53}},"19":{"start":{"line":37,"column":6},"end":{"line":37,"column":34}},"20":{"start":{"line":39,"column":6},"end":{"line":39,"column":49}},"21":{"start":{"line":43,"column":27},"end":{"line":73,"column":3}},"22":{"start":{"line":45,"column":22},"end":{"line":45,"column":59}},"23":{"start":{"line":45,"column":43},"end":{"line":45,"column":58}},"24":{"start":{"line":46,"column":4},"end":{"line":46,"column":33}},"25":{"start":{"line":46,"column":26},"end":{"line":46,"column":33}},"26":{"start":{"line":49,"column":25},"end":{"line":49,"column":41}},"27":{"start":{"line":50,"column":30},"end":{"line":50,"column":53}},"28":{"start":{"line":53,"column":4},"end":{"line":57,"column":6}},"29":{"start":{"line":54,"column":6},"end":{"line":56,"column":7}},"30":{"start":{"line":55,"column":8},"end":{"line":55,"column":77}},"31":{"start":{"line":60,"column":4},"end":{"line":72,"column":12}},"32":{"start":{"line":61,"column":6},"end":{"line":71,"column":7}},"33":{"start":{"line":62,"column":8},"end":{"line":62,"column":51}},"34":{"start":{"line":64,"column":8},"end":{"line":64,"column":53}},"35":{"start":{"line":66,"column":8},"end":{"line":70,"column":10}},"36":{"start":{"line":67,"column":10},"end":{"line":69,"column":11}},"37":{"start":{"line":68,"column":12},"end":{"line":68,"column":82}},"38":{"start":{"line":75,"column":19},"end":{"line":77,"column":7}},"39":{"start":{"line":76,"column":28},"end":{"line":76,"column":42}},"40":{"start":{"line":80,"column":26},"end":{"line":85,"column":3}},"41":{"start":{"line":81,"column":4},"end":{"line":84,"column":7}},"42":{"start":{"line":82,"column":23},"end":{"line":82,"column":46}},"43":{"start":{"line":83,"column":6},"end":{"line":83,"column":61}},"44":{"start":{"line":88,"column":20},"end":{"line":97,"column":8}},"45":{"start":{"line":89,"column":18},"end":{"line":89,"column":20}},"46":{"start":{"line":90,"column":18},"end":{"line":90,"column":28}},"47":{"start":{"line":91,"column":4},"end":{"line":95,"column":5}},"48":{"start":{"line":91,"column":17},"end":{"line":91,"column":19}},"49":{"start":{"line":92,"column":19},"end":{"line":92,"column":34}},"50":{"start":{"line":93,"column":6},"end":{"line":93,"column":40}},"51":{"start":{"line":94,"column":6},"end":{"line":94,"column":23}},"52":{"start":{"line":96,"column":4},"end":{"line":96,"column":17}},"53":{"start":{"line":99,"column":21},"end":{"line":102,"column":3}},"54":{"start":{"line":100,"column":17},"end":{"line":100,"column":66}},"55":{"start":{"line":101,"column":4},"end":{"line":101,"column":31}},"56":{"start":{"line":104,"column":18},"end":{"line":107,"column":3}},"57":{"start":{"line":105,"column":18},"end":{"line":105,"column":28}},"58":{"start":{"line":106,"column":4},"end":{"line":106,"column":56}},"59":{"start":{"line":109,"column":21},"end":{"line":109,"column":50}},"60":{"start":{"line":111,"column":23},"end":{"line":115,"column":4}},"61":{"start":{"line":117,"column":24},"end":{"line":121,"column":4}},"62":{"start":{"line":124,"column":25},"end":{"line":208,"column":32}},"63":{"start":{"line":125,"column":21},"end":{"line":125,"column":44}},"64":{"start":{"line":126,"column":23},"end":{"line":126,"column":91}},"65":{"start":{"line":129,"column":23},"end":{"line":129,"column":74}},"66":{"start":{"line":131,"column":4},"end":{"line":207,"column":6}},"67":{"start":{"line":136,"column":23},"end":{"line":136,"column":48}},"68":{"start":{"line":156,"column":34},"end":{"line":156,"column":59}},"69":{"start":{"line":210,"column":2},"end":{"line":483,"column":4}},"70":{"start":{"line":296,"column":37},"end":{"line":296,"column":48}},"71":{"start":{"line":308,"column":42},"end":{"line":308,"column":51}},"72":{"start":{"line":332,"column":37},"end":{"line":332,"column":65}},"73":{"start":{"line":333,"column":33},"end":{"line":333,"column":84}},"74":{"start":{"line":334,"column":36},"end":{"line":334,"column":104}},"75":{"start":{"line":336,"column":14},"end":{"line":396,"column":16}},"76":{"start":{"line":345,"column":33},"end":{"line":345,"column":54}},"77":{"start":{"line":411,"column":29},"end":{"line":411,"column":54}},"78":{"start":{"line":426,"column":38},"end":{"line":426,"column":58}},"79":{"start":{"line":436,"column":30},"end":{"line":436,"column":56}},"80":{"start":{"line":444,"column":47},"end":{"line":444,"column":73}},"81":{"start":{"line":457,"column":37},"end":{"line":457,"column":57}},"82":{"start":{"line":467,"column":23},"end":{"line":467,"column":49}},"83":{"start":{"line":479,"column":23},"end":{"line":479,"column":50}},"84":{"start":{"line":487,"column":2},"end":{"line":496,"column":3}},"85":{"start":{"line":489,"column":6},"end":{"line":489,"column":38}},"86":{"start":{"line":491,"column":6},"end":{"line":491,"column":38}},"87":{"start":{"line":493,"column":6},"end":{"line":493,"column":38}},"88":{"start":{"line":495,"column":6},"end":{"line":495,"column":27}},"89":{"start":{"line":500,"column":2},"end":{"line":509,"column":3}},"90":{"start":{"line":502,"column":6},"end":{"line":502,"column":27}},"91":{"start":{"line":504,"column":6},"end":{"line":504,"column":28}},"92":{"start":{"line":506,"column":6},"end":{"line":506,"column":28}},"93":{"start":{"line":508,"column":6},"end":{"line":508,"column":33}},"94":{"start":{"line":513,"column":2},"end":{"line":513,"column":42}},"95":{"start":{"line":513,"column":21},"end":{"line":513,"column":42}},"96":{"start":{"line":514,"column":2},"end":{"line":514,"column":43}},"97":{"start":{"line":514,"column":21},"end":{"line":514,"column":43}},"98":{"start":{"line":515,"column":2},"end":{"line":515,"column":24}},"99":{"start":{"line":518,"column":18},"end":{"line":518,"column":42}},"100":{"start":{"line":519,"column":22},"end":{"line":519,"column":38}},"101":{"start":{"line":521,"column":15},"end":{"line":826,"column":2}}},"fnMap":{"0":{"name":"HomeScreen","decl":{"start":{"line":11,"column":24},"end":{"line":11,"column":34}},"loc":{"start":{"line":11,"column":37},"end":{"line":484,"column":1}},"line":11},"1":{"name":"(anonymous_1)","decl":{"start":{"line":20,"column":12},"end":{"line":20,"column":13}},"loc":{"start":{"line":20,"column":18},"end":{"line":22,"column":3}},"line":20},"2":{"name":"(anonymous_2)","decl":{"start":{"line":24,"column":20},"end":{"line":24,"column":21}},"loc":{"start":{"line":24,"column":32},"end":{"line":31,"column":3}},"line":24},"3":{"name":"(anonymous_3)","decl":{"start":{"line":33,"column":24},"end":{"line":33,"column":25}},"loc":{"start":{"line":33,"column":61},"end":{"line":41,"column":3}},"line":33},"4":{"name":"(anonymous_4)","decl":{"start":{"line":36,"column":15},"end":{"line":36,"column":16}},"loc":{"start":{"line":36,"column":28},"end":{"line":36,"column":53}},"line":36},"5":{"name":"(anonymous_5)","decl":{"start":{"line":43,"column":27},"end":{"line":43,"column":28}},"loc":{"start":{"line":43,"column":53},"end":{"line":73,"column":3}},"line":43},"6":{"name":"(anonymous_6)","decl":{"start":{"line":45,"column":38},"end":{"line":45,"column":39}},"loc":{"start":{"line":45,"column":43},"end":{"line":45,"column":58}},"line":45},"7":{"name":"(anonymous_7)","decl":{"start":{"line":53,"column":13},"end":{"line":53,"column":14}},"loc":{"start":{"line":54,"column":6},"end":{"line":56,"column":7}},"line":54},"8":{"name":"(anonymous_8)","decl":{"start":{"line":54,"column":20},"end":{"line":54,"column":21}},"loc":{"start":{"line":55,"column":8},"end":{"line":55,"column":77}},"line":55},"9":{"name":"(anonymous_9)","decl":{"start":{"line":60,"column":15},"end":{"line":60,"column":16}},"loc":{"start":{"line":60,"column":27},"end":{"line":72,"column":5}},"line":60},"10":{"name":"(anonymous_10)","decl":{"start":{"line":66,"column":17},"end":{"line":66,"column":18}},"loc":{"start":{"line":67,"column":10},"end":{"line":69,"column":11}},"line":67},"11":{"name":"(anonymous_11)","decl":{"start":{"line":67,"column":24},"end":{"line":67,"column":25}},"loc":{"start":{"line":68,"column":12},"end":{"line":68,"column":82}},"line":68},"12":{"name":"(anonymous_12)","decl":{"start":{"line":76,"column":20},"end":{"line":76,"column":21}},"loc":{"start":{"line":76,"column":28},"end":{"line":76,"column":42}},"line":76},"13":{"name":"(anonymous_13)","decl":{"start":{"line":80,"column":26},"end":{"line":80,"column":27}},"loc":{"start":{"line":80,"column":42},"end":{"line":85,"column":3}},"line":80},"14":{"name":"(anonymous_14)","decl":{"start":{"line":81,"column":24},"end":{"line":81,"column":25}},"loc":{"start":{"line":81,"column":32},"end":{"line":84,"column":5}},"line":81},"15":{"name":"(anonymous_15)","decl":{"start":{"line":88,"column":28},"end":{"line":88,"column":29}},"loc":{"start":{"line":88,"column":34},"end":{"line":97,"column":3}},"line":88},"16":{"name":"(anonymous_16)","decl":{"start":{"line":99,"column":21},"end":{"line":99,"column":22}},"loc":{"start":{"line":99,"column":37},"end":{"line":102,"column":3}},"line":99},"17":{"name":"(anonymous_17)","decl":{"start":{"line":104,"column":18},"end":{"line":104,"column":19}},"loc":{"start":{"line":104,"column":34},"end":{"line":107,"column":3}},"line":104},"18":{"name":"(anonymous_18)","decl":{"start":{"line":124,"column":37},"end":{"line":124,"column":38}},"loc":{"start":{"line":124,"column":53},"end":{"line":208,"column":3}},"line":124},"19":{"name":"(anonymous_19)","decl":{"start":{"line":136,"column":17},"end":{"line":136,"column":18}},"loc":{"start":{"line":136,"column":23},"end":{"line":136,"column":48}},"line":136},"20":{"name":"(anonymous_20)","decl":{"start":{"line":156,"column":28},"end":{"line":156,"column":29}},"loc":{"start":{"line":156,"column":34},"end":{"line":156,"column":59}},"line":156},"21":{"name":"(anonymous_21)","decl":{"start":{"line":296,"column":32},"end":{"line":296,"column":33}},"loc":{"start":{"line":296,"column":37},"end":{"line":296,"column":48}},"line":296},"22":{"name":"(anonymous_22)","decl":{"start":{"line":308,"column":37},"end":{"line":308,"column":38}},"loc":{"start":{"line":308,"column":42},"end":{"line":308,"column":51}},"line":308},"23":{"name":"(anonymous_23)","decl":{"start":{"line":331,"column":27},"end":{"line":331,"column":28}},"loc":{"start":{"line":331,"column":37},"end":{"line":397,"column":13}},"line":331},"24":{"name":"(anonymous_24)","decl":{"start":{"line":345,"column":27},"end":{"line":345,"column":28}},"loc":{"start":{"line":345,"column":33},"end":{"line":345,"column":54}},"line":345},"25":{"name":"(anonymous_25)","decl":{"start":{"line":411,"column":23},"end":{"line":411,"column":24}},"loc":{"start":{"line":411,"column":29},"end":{"line":411,"column":54}},"line":411},"26":{"name":"(anonymous_26)","decl":{"start":{"line":426,"column":30},"end":{"line":426,"column":31}},"loc":{"start":{"line":426,"column":38},"end":{"line":426,"column":58}},"line":426},"27":{"name":"(anonymous_27)","decl":{"start":{"line":436,"column":24},"end":{"line":436,"column":25}},"loc":{"start":{"line":436,"column":30},"end":{"line":436,"column":56}},"line":436},"28":{"name":"(anonymous_28)","decl":{"start":{"line":444,"column":41},"end":{"line":444,"column":42}},"loc":{"start":{"line":444,"column":47},"end":{"line":444,"column":73}},"line":444},"29":{"name":"(anonymous_29)","decl":{"start":{"line":457,"column":29},"end":{"line":457,"column":30}},"loc":{"start":{"line":457,"column":37},"end":{"line":457,"column":57}},"line":457},"30":{"name":"(anonymous_30)","decl":{"start":{"line":467,"column":17},"end":{"line":467,"column":18}},"loc":{"start":{"line":467,"column":23},"end":{"line":467,"column":49}},"line":467},"31":{"name":"(anonymous_31)","decl":{"start":{"line":479,"column":17},"end":{"line":479,"column":18}},"loc":{"start":{"line":479,"column":23},"end":{"line":479,"column":50}},"line":479},"32":{"name":"getPriorityBackgroundColor","decl":{"start":{"line":486,"column":9},"end":{"line":486,"column":35}},"loc":{"start":{"line":486,"column":81},"end":{"line":497,"column":1}},"line":486},"33":{"name":"getPriorityTextColor","decl":{"start":{"line":499,"column":9},"end":{"line":499,"column":29}},"loc":{"start":{"line":499,"column":75},"end":{"line":510,"column":1}},"line":499},"34":{"name":"getProgressColor","decl":{"start":{"line":512,"column":9},"end":{"line":512,"column":25}},"loc":{"start":{"line":512,"column":52},"end":{"line":516,"column":1}},"line":512}},"branchMap":{"0":{"loc":{"start":{"line":46,"column":4},"end":{"line":46,"column":33}},"type":"if","locations":[{"start":{"line":46,"column":4},"end":{"line":46,"column":33}},{"start":{},"end":{}}],"line":46},"1":{"loc":{"start":{"line":55,"column":8},"end":{"line":55,"column":77}},"type":"cond-expr","locations":[{"start":{"line":55,"column":29},"end":{"line":55,"column":70}},{"start":{"line":55,"column":73},"end":{"line":55,"column":77}}],"line":55},"2":{"loc":{"start":{"line":68,"column":12},"end":{"line":68,"column":82}},"type":"cond-expr","locations":[{"start":{"line":68,"column":33},"end":{"line":68,"column":75}},{"start":{"line":68,"column":78},"end":{"line":68,"column":82}}],"line":68},"3":{"loc":{"start":{"line":75,"column":19},"end":{"line":77,"column":7}},"type":"cond-expr","locations":[{"start":{"line":76,"column":6},"end":{"line":76,"column":72}},{"start":{"line":77,"column":6},"end":{"line":77,"column":7}}],"line":75},"4":{"loc":{"start":{"line":129,"column":23},"end":{"line":129,"column":74}},"type":"cond-expr","locations":[{"start":{"line":129,"column":32},"end":{"line":129,"column":51}},{"start":{"line":129,"column":54},"end":{"line":129,"column":74}}],"line":129},"5":{"loc":{"start":{"line":147,"column":31},"end":{"line":147,"column":92}},"type":"cond-expr","locations":[{"start":{"line":147,"column":40},"end":{"line":147,"column":63}},{"start":{"line":147,"column":66},"end":{"line":147,"column":92}}],"line":147},"6":{"loc":{"start":{"line":149,"column":31},"end":{"line":149,"column":79}},"type":"cond-expr","locations":[{"start":{"line":149,"column":48},"end":{"line":149,"column":62}},{"start":{"line":149,"column":65},"end":{"line":149,"column":79}}],"line":149},"7":{"loc":{"start":{"line":163,"column":29},"end":{"line":163,"column":77}},"type":"cond-expr","locations":[{"start":{"line":163,"column":38},"end":{"line":163,"column":55}},{"start":{"line":163,"column":58},"end":{"line":163,"column":77}}],"line":163},"8":{"loc":{"start":{"line":164,"column":20},"end":{"line":164,"column":58}},"type":"binary-expr","locations":[{"start":{"line":164,"column":20},"end":{"line":164,"column":34}},{"start":{"line":164,"column":38},"end":{"line":164,"column":58}}],"line":164},"9":{"loc":{"start":{"line":174,"column":39},"end":{"line":174,"column":100}},"type":"cond-expr","locations":[{"start":{"line":174,"column":48},"end":{"line":174,"column":71}},{"start":{"line":174,"column":74},"end":{"line":174,"column":100}}],"line":174},"10":{"loc":{"start":{"line":177,"column":59},"end":{"line":177,"column":109}},"type":"cond-expr","locations":[{"start":{"line":177,"column":68},"end":{"line":177,"column":85}},{"start":{"line":177,"column":88},"end":{"line":177,"column":109}}],"line":177},"11":{"loc":{"start":{"line":196,"column":15},"end":{"line":196,"column":92}},"type":"binary-expr","locations":[{"start":{"line":196,"column":15},"end":{"line":196,"column":39}},{"start":{"line":196,"column":43},"end":{"line":196,"column":92}}],"line":196},"12":{"loc":{"start":{"line":211,"column":55},"end":{"line":211,"column":112}},"type":"cond-expr","locations":[{"start":{"line":211,"column":64},"end":{"line":211,"column":86}},{"start":{"line":211,"column":89},"end":{"line":211,"column":112}}],"line":211},"13":{"loc":{"start":{"line":215,"column":13},"end":{"line":215,"column":76}},"type":"cond-expr","locations":[{"start":{"line":215,"column":22},"end":{"line":215,"column":47}},{"start":{"line":215,"column":50},"end":{"line":215,"column":76}}],"line":215},"14":{"loc":{"start":{"line":216,"column":13},"end":{"line":216,"column":76}},"type":"cond-expr","locations":[{"start":{"line":216,"column":22},"end":{"line":216,"column":47}},{"start":{"line":216,"column":50},"end":{"line":216,"column":76}}],"line":216},"15":{"loc":{"start":{"line":221,"column":55},"end":{"line":221,"column":103}},"type":"cond-expr","locations":[{"start":{"line":221,"column":64},"end":{"line":221,"column":81}},{"start":{"line":221,"column":84},"end":{"line":221,"column":103}}],"line":221},"16":{"loc":{"start":{"line":224,"column":58},"end":{"line":224,"column":108}},"type":"cond-expr","locations":[{"start":{"line":224,"column":67},"end":{"line":224,"column":84}},{"start":{"line":224,"column":87},"end":{"line":224,"column":108}}],"line":224},"17":{"loc":{"start":{"line":243,"column":15},"end":{"line":243,"column":66}},"type":"cond-expr","locations":[{"start":{"line":243,"column":24},"end":{"line":243,"column":43}},{"start":{"line":243,"column":46},"end":{"line":243,"column":66}}],"line":243},"18":{"loc":{"start":{"line":244,"column":15},"end":{"line":244,"column":66}},"type":"cond-expr","locations":[{"start":{"line":244,"column":24},"end":{"line":244,"column":43}},{"start":{"line":244,"column":46},"end":{"line":244,"column":66}}],"line":244},"19":{"loc":{"start":{"line":251,"column":58},"end":{"line":251,"column":106}},"type":"cond-expr","locations":[{"start":{"line":251,"column":67},"end":{"line":251,"column":84}},{"start":{"line":251,"column":87},"end":{"line":251,"column":106}}],"line":251},"20":{"loc":{"start":{"line":264,"column":37},"end":{"line":264,"column":96}},"type":"cond-expr","locations":[{"start":{"line":264,"column":46},"end":{"line":264,"column":72}},{"start":{"line":264,"column":75},"end":{"line":264,"column":96}}],"line":264},"21":{"loc":{"start":{"line":280,"column":35},"end":{"line":280,"column":100}},"type":"cond-expr","locations":[{"start":{"line":280,"column":44},"end":{"line":280,"column":71}},{"start":{"line":280,"column":74},"end":{"line":280,"column":100}}],"line":280},"22":{"loc":{"start":{"line":282,"column":43},"end":{"line":282,"column":86}},"type":"cond-expr","locations":[{"start":{"line":282,"column":52},"end":{"line":282,"column":69}},{"start":{"line":282,"column":72},"end":{"line":282,"column":86}}],"line":282},"23":{"loc":{"start":{"line":283,"column":57},"end":{"line":283,"column":105}},"type":"cond-expr","locations":[{"start":{"line":283,"column":66},"end":{"line":283,"column":83}},{"start":{"line":283,"column":86},"end":{"line":283,"column":105}}],"line":283},"24":{"loc":{"start":{"line":286,"column":57},"end":{"line":286,"column":107}},"type":"cond-expr","locations":[{"start":{"line":286,"column":66},"end":{"line":286,"column":83}},{"start":{"line":286,"column":86},"end":{"line":286,"column":107}}],"line":286},"25":{"loc":{"start":{"line":292,"column":35},"end":{"line":292,"column":100}},"type":"cond-expr","locations":[{"start":{"line":292,"column":44},"end":{"line":292,"column":71}},{"start":{"line":292,"column":74},"end":{"line":292,"column":100}}],"line":292},"26":{"loc":{"start":{"line":294,"column":40},"end":{"line":294,"column":83}},"type":"cond-expr","locations":[{"start":{"line":294,"column":49},"end":{"line":294,"column":66}},{"start":{"line":294,"column":69},"end":{"line":294,"column":83}}],"line":294},"27":{"loc":{"start":{"line":295,"column":57},"end":{"line":295,"column":105}},"type":"cond-expr","locations":[{"start":{"line":295,"column":66},"end":{"line":295,"column":83}},{"start":{"line":295,"column":86},"end":{"line":295,"column":105}}],"line":295},"28":{"loc":{"start":{"line":298,"column":57},"end":{"line":298,"column":107}},"type":"cond-expr","locations":[{"start":{"line":298,"column":66},"end":{"line":298,"column":83}},{"start":{"line":298,"column":86},"end":{"line":298,"column":107}}],"line":298},"29":{"loc":{"start":{"line":304,"column":35},"end":{"line":304,"column":100}},"type":"cond-expr","locations":[{"start":{"line":304,"column":44},"end":{"line":304,"column":71}},{"start":{"line":304,"column":74},"end":{"line":304,"column":100}}],"line":304},"30":{"loc":{"start":{"line":306,"column":43},"end":{"line":306,"column":86}},"type":"cond-expr","locations":[{"start":{"line":306,"column":52},"end":{"line":306,"column":69}},{"start":{"line":306,"column":72},"end":{"line":306,"column":86}}],"line":306},"31":{"loc":{"start":{"line":307,"column":57},"end":{"line":307,"column":105}},"type":"cond-expr","locations":[{"start":{"line":307,"column":66},"end":{"line":307,"column":83}},{"start":{"line":307,"column":86},"end":{"line":307,"column":105}}],"line":307},"32":{"loc":{"start":{"line":310,"column":57},"end":{"line":310,"column":107}},"type":"cond-expr","locations":[{"start":{"line":310,"column":66},"end":{"line":310,"column":83}},{"start":{"line":310,"column":86},"end":{"line":310,"column":107}}],"line":310},"33":{"loc":{"start":{"line":321,"column":39},"end":{"line":321,"column":82}},"type":"cond-expr","locations":[{"start":{"line":321,"column":48},"end":{"line":321,"column":65}},{"start":{"line":321,"column":68},"end":{"line":321,"column":82}}],"line":321},"34":{"loc":{"start":{"line":322,"column":56},"end":{"line":322,"column":104}},"type":"cond-expr","locations":[{"start":{"line":322,"column":65},"end":{"line":322,"column":82}},{"start":{"line":322,"column":85},"end":{"line":322,"column":104}}],"line":322},"35":{"loc":{"start":{"line":341,"column":20},"end":{"line":341,"column":58}},"type":"binary-expr","locations":[{"start":{"line":341,"column":20},"end":{"line":341,"column":33}},{"start":{"line":341,"column":37},"end":{"line":341,"column":58}}],"line":341},"36":{"loc":{"start":{"line":342,"column":20},"end":{"line":342,"column":62}},"type":"binary-expr","locations":[{"start":{"line":342,"column":20},"end":{"line":342,"column":30}},{"start":{"line":342,"column":34},"end":{"line":342,"column":62}}],"line":342},"37":{"loc":{"start":{"line":350,"column":22},"end":{"line":357,"column":29}},"type":"cond-expr","locations":[{"start":{"line":351,"column":26},"end":{"line":351,"column":70}},{"start":{"line":352,"column":26},"end":{"line":357,"column":29}}],"line":350},"38":{"loc":{"start":{"line":352,"column":26},"end":{"line":357,"column":29}},"type":"cond-expr","locations":[{"start":{"line":353,"column":28},"end":{"line":353,"column":70}},{"start":{"line":354,"column":28},"end":{"line":357,"column":29}}],"line":352},"39":{"loc":{"start":{"line":355,"column":31},"end":{"line":355,"column":82}},"type":"cond-expr","locations":[{"start":{"line":355,"column":40},"end":{"line":355,"column":59}},{"start":{"line":355,"column":62},"end":{"line":355,"column":82}}],"line":355},"40":{"loc":{"start":{"line":356,"column":31},"end":{"line":356,"column":82}},"type":"cond-expr","locations":[{"start":{"line":356,"column":40},"end":{"line":356,"column":59}},{"start":{"line":356,"column":62},"end":{"line":356,"column":82}}],"line":356},"41":{"loc":{"start":{"line":365,"column":31},"end":{"line":365,"column":118}},"type":"cond-expr","locations":[{"start":{"line":365,"column":61},"end":{"line":365,"column":67}},{"start":{"line":365,"column":70},"end":{"line":365,"column":118}}],"line":365},"42":{"loc":{"start":{"line":365,"column":31},"end":{"line":365,"column":58}},"type":"binary-expr","locations":[{"start":{"line":365,"column":31},"end":{"line":365,"column":41}},{"start":{"line":365,"column":45},"end":{"line":365,"column":58}}],"line":365},"43":{"loc":{"start":{"line":365,"column":70},"end":{"line":365,"column":118}},"type":"cond-expr","locations":[{"start":{"line":365,"column":79},"end":{"line":365,"column":96}},{"start":{"line":365,"column":99},"end":{"line":365,"column":118}}],"line":365},"44":{"loc":{"start":{"line":371,"column":31},"end":{"line":371,"column":118}},"type":"cond-expr","locations":[{"start":{"line":371,"column":61},"end":{"line":371,"column":67}},{"start":{"line":371,"column":70},"end":{"line":371,"column":118}}],"line":371},"45":{"loc":{"start":{"line":371,"column":31},"end":{"line":371,"column":58}},"type":"binary-expr","locations":[{"start":{"line":371,"column":31},"end":{"line":371,"column":41}},{"start":{"line":371,"column":45},"end":{"line":371,"column":58}}],"line":371},"46":{"loc":{"start":{"line":371,"column":70},"end":{"line":371,"column":118}},"type":"cond-expr","locations":[{"start":{"line":371,"column":79},"end":{"line":371,"column":96}},{"start":{"line":371,"column":99},"end":{"line":371,"column":118}}],"line":371},"47":{"loc":{"start":{"line":377,"column":31},"end":{"line":377,"column":144}},"type":"cond-expr","locations":[{"start":{"line":377,"column":61},"end":{"line":377,"column":87}},{"start":{"line":377,"column":90},"end":{"line":377,"column":144}}],"line":377},"48":{"loc":{"start":{"line":377,"column":31},"end":{"line":377,"column":58}},"type":"binary-expr","locations":[{"start":{"line":377,"column":31},"end":{"line":377,"column":41}},{"start":{"line":377,"column":45},"end":{"line":377,"column":58}}],"line":377},"49":{"loc":{"start":{"line":377,"column":90},"end":{"line":377,"column":144}},"type":"cond-expr","locations":[{"start":{"line":377,"column":99},"end":{"line":377,"column":120}},{"start":{"line":377,"column":123},"end":{"line":377,"column":144}}],"line":377},"50":{"loc":{"start":{"line":381,"column":21},"end":{"line":393,"column":21}},"type":"binary-expr","locations":[{"start":{"line":381,"column":21},"end":{"line":381,"column":39}},{"start":{"line":382,"column":22},"end":{"line":392,"column":29}}],"line":381},"51":{"loc":{"start":{"line":384,"column":43},"end":{"line":384,"column":96}},"type":"cond-expr","locations":[{"start":{"line":384,"column":73},"end":{"line":384,"column":79}},{"start":{"line":384,"column":82},"end":{"line":384,"column":96}}],"line":384},"52":{"loc":{"start":{"line":384,"column":43},"end":{"line":384,"column":70}},"type":"binary-expr","locations":[{"start":{"line":384,"column":43},"end":{"line":384,"column":53}},{"start":{"line":384,"column":57},"end":{"line":384,"column":70}}],"line":384},"53":{"loc":{"start":{"line":388,"column":35},"end":{"line":388,"column":88}},"type":"cond-expr","locations":[{"start":{"line":388,"column":65},"end":{"line":388,"column":79}},{"start":{"line":388,"column":82},"end":{"line":388,"column":88}}],"line":388},"54":{"loc":{"start":{"line":388,"column":35},"end":{"line":388,"column":62}},"type":"binary-expr","locations":[{"start":{"line":388,"column":35},"end":{"line":388,"column":45}},{"start":{"line":388,"column":49},"end":{"line":388,"column":62}}],"line":388},"55":{"loc":{"start":{"line":404,"column":36},"end":{"line":404,"column":79}},"type":"cond-expr","locations":[{"start":{"line":404,"column":45},"end":{"line":404,"column":62}},{"start":{"line":404,"column":65},"end":{"line":404,"column":79}}],"line":404},"56":{"loc":{"start":{"line":405,"column":56},"end":{"line":405,"column":104}},"type":"cond-expr","locations":[{"start":{"line":405,"column":65},"end":{"line":405,"column":82}},{"start":{"line":405,"column":85},"end":{"line":405,"column":104}}],"line":405},"57":{"loc":{"start":{"line":406,"column":15},"end":{"line":406,"column":148}},"type":"cond-expr","locations":[{"start":{"line":406,"column":39},"end":{"line":406,"column":54}},{"start":{"line":406,"column":57},"end":{"line":406,"column":148}}],"line":406},"58":{"loc":{"start":{"line":418,"column":11},"end":{"line":428,"column":11}},"type":"cond-expr","locations":[{"start":{"line":419,"column":12},"end":{"line":423,"column":19}},{"start":{"line":425,"column":12},"end":{"line":427,"column":19}}],"line":418},"59":{"loc":{"start":{"line":420,"column":60},"end":{"line":420,"column":110}},"type":"cond-expr","locations":[{"start":{"line":420,"column":69},"end":{"line":420,"column":86}},{"start":{"line":420,"column":89},"end":{"line":420,"column":110}}],"line":420},"60":{"loc":{"start":{"line":421,"column":30},"end":{"line":421,"column":97}},"type":"cond-expr","locations":[{"start":{"line":421,"column":54},"end":{"line":421,"column":61}},{"start":{"line":421,"column":64},"end":{"line":421,"column":97}}],"line":421},"61":{"loc":{"start":{"line":439,"column":64},"end":{"line":439,"column":121}},"type":"cond-expr","locations":[{"start":{"line":439,"column":73},"end":{"line":439,"column":95}},{"start":{"line":439,"column":98},"end":{"line":439,"column":121}}],"line":439},"62":{"loc":{"start":{"line":441,"column":56},"end":{"line":441,"column":104}},"type":"cond-expr","locations":[{"start":{"line":441,"column":65},"end":{"line":441,"column":82}},{"start":{"line":441,"column":85},"end":{"line":441,"column":104}}],"line":441},"63":{"loc":{"start":{"line":445,"column":36},"end":{"line":445,"column":84}},"type":"cond-expr","locations":[{"start":{"line":445,"column":45},"end":{"line":445,"column":62}},{"start":{"line":445,"column":65},"end":{"line":445,"column":84}}],"line":445},"64":{"loc":{"start":{"line":449,"column":15},"end":{"line":459,"column":15}},"type":"cond-expr","locations":[{"start":{"line":450,"column":16},"end":{"line":454,"column":23}},{"start":{"line":456,"column":16},"end":{"line":458,"column":23}}],"line":449},"65":{"loc":{"start":{"line":451,"column":64},"end":{"line":451,"column":114}},"type":"cond-expr","locations":[{"start":{"line":451,"column":73},"end":{"line":451,"column":90}},{"start":{"line":451,"column":93},"end":{"line":451,"column":114}}],"line":451},"66":{"loc":{"start":{"line":487,"column":2},"end":{"line":496,"column":3}},"type":"switch","locations":[{"start":{"line":488,"column":4},"end":{"line":489,"column":38}},{"start":{"line":490,"column":4},"end":{"line":491,"column":38}},{"start":{"line":492,"column":4},"end":{"line":493,"column":38}},{"start":{"line":494,"column":4},"end":{"line":495,"column":27}}],"line":487},"67":{"loc":{"start":{"line":500,"column":2},"end":{"line":509,"column":3}},"type":"switch","locations":[{"start":{"line":501,"column":4},"end":{"line":502,"column":27}},{"start":{"line":503,"column":4},"end":{"line":504,"column":28}},{"start":{"line":505,"column":4},"end":{"line":506,"column":28}},{"start":{"line":507,"column":4},"end":{"line":508,"column":33}}],"line":500},"68":{"loc":{"start":{"line":513,"column":2},"end":{"line":513,"column":42}},"type":"if","locations":[{"start":{"line":513,"column":2},"end":{"line":513,"column":42}},{"start":{},"end":{}}],"line":513},"69":{"loc":{"start":{"line":514,"column":2},"end":{"line":514,"column":43}},"type":"if","locations":[{"start":{"line":514,"column":2},"end":{"line":514,"column":43}},{"start":{},"end":{}}],"line":514}},"s":{"0":0,"1":0,"2":0,"3":0,"4":0,"5":0,"6":0,"7":0,"8":0,"9":0,"10":0,"11":0,"12":0,"13":0,"14":0,"15":0,"16":0,"17":0,"18":0,"19":0,"20":0,"21":0,"22":0,"23":0,"24":0,"25":0,"26":0,"27":0,"28":0,"29":0,"30":0,"31":0,"32":0,"33":0,"34":0,"35":0,"36":0,"37":0,"38":0,"39":0,"40":0,"41":0,"42":0,"43":0,"44":0,"45":0,"46":0,"47":0,"48":0,"49":0,"50":0,"51":0,"52":0,"53":0,"54":0,"55":0,"56":0,"57":0,"58":0,"59":0,"60":0,"61":0,"62":0,"63":0,"64":0,"65":0,"66":0,"67":0,"68":0,"69":0,"70":0,"71":0,"72":0,"73":0,"74":0,"75":0,"76":0,"77":0,"78":0,"79":0,"80":0,"81":0,"82":0,"83":0,"84":0,"85":0,"86":0,"87":0,"88":0,"89":0,"90":0,"91":0,"92":0,"93":0,"94":0,"95":0,"96":0,"97":0,"98":0,"99":0,"100":0,"101":0},"f":{"0":0,"1":0,"2":0,"3":0,"4":0,"5":0,"6":0,"7":0,"8":0,"9":0,"10":0,"11":0,"12":0,"13":0,"14":0,"15":0,"16":0,"17":0,"18":0,"19":0,"20":0,"21":0,"22":0,"23":0,"24":0,"25":0,"26":0,"27":0,"28":0,"29":0,"30":0,"31":0,"32":0,"33":0,"34":0},"b":{"0":[0,0],"1":[0,0],"2":[0,0],"3":[0,0],"4":[0,0],"5":[0,0],"6":[0,0],"7":[0,0],"8":[0,0],"9":[0,0],"10":[0,0],"11":[0,0],"12":[0,0],"13":[0,0],"14":[0,0],"15":[0,0],"16":[0,0],"17":[0,0],"18":[0,0],"19":[0,0],"20":[0,0],"21":[0,0],"22":[0,0],"23":[0,0],"24":[0,0],"25":[0,0],"26":[0,0],"27":[0,0],"28":[0,0],"29":[0,0],"30":[0,0],"31":[0,0],"32":[0,0],"33":[0,0],"34":[0,0],"35":[0,0],"36":[0,0],"37":[0,0],"38":[0,0],"39":[0,0],"40":[0,0],"41":[0,0],"42":[0,0],"43":[0,0],"44":[0,0],"45":[0,0],"46":[0,0],"47":[0,0],"48":[0,0],"49":[0,0],"50":[0,0],"51":[0,0],"52":[0,0],"53":[0,0],"54":[0,0],"55":[0,0],"56":[0,0],"57":[0,0],"58":[0,0],"59":[0,0],"60":[0,0],"61":[0,0],"62":[0,0],"63":[0,0],"64":[0,0],"65":[0,0],"66":[0,0,0,0],"67":[0,0,0,0],"68":[0,0],"69":[0,0]}}
,"E:\\downloads\\a0-project\\screens\\LoginScreen.tsx": {"path":"E:\\downloads\\a0-project\\screens\\LoginScreen.tsx","statementMap":{"0":{"start":{"line":21,"column":31},"end":{"line":21,"column":40}},"1":{"start":{"line":22,"column":28},"end":{"line":22,"column":40}},"2":{"start":{"line":23,"column":34},"end":{"line":23,"column":46}},"3":{"start":{"line":24,"column":22},"end":{"line":24,"column":38}},"4":{"start":{"line":25,"column":17},"end":{"line":25,"column":39}},"5":{"start":{"line":27,"column":22},"end":{"line":45,"column":3}},"6":{"start":{"line":28,"column":4},"end":{"line":31,"column":5}},"7":{"start":{"line":29,"column":6},"end":{"line":29,"column":44}},"8":{"start":{"line":30,"column":6},"end":{"line":30,"column":13}},"9":{"start":{"line":33,"column":4},"end":{"line":44,"column":5}},"10":{"start":{"line":34,"column":24},"end":{"line":34,"column":52}},"11":{"start":{"line":36,"column":6},"end":{"line":40,"column":7}},"12":{"start":{"line":37,"column":8},"end":{"line":37,"column":27}},"13":{"start":{"line":39,"column":8},"end":{"line":39,"column":43}},"14":{"start":{"line":42,"column":6},"end":{"line":42,"column":39}},"15":{"start":{"line":43,"column":6},"end":{"line":43,"column":56}},"16":{"start":{"line":47,"column":2},"end":{"line":136,"column":4}},"17":{"start":{"line":139,"column":15},"end":{"line":218,"column":2}}},"fnMap":{"0":{"name":"LoginScreen","decl":{"start":{"line":20,"column":24},"end":{"line":20,"column":35}},"loc":{"start":{"line":20,"column":57},"end":{"line":137,"column":1}},"line":20},"1":{"name":"(anonymous_1)","decl":{"start":{"line":27,"column":22},"end":{"line":27,"column":23}},"loc":{"start":{"line":27,"column":34},"end":{"line":45,"column":3}},"line":27}},"branchMap":{"0":{"loc":{"start":{"line":28,"column":4},"end":{"line":31,"column":5}},"type":"if","locations":[{"start":{"line":28,"column":4},"end":{"line":31,"column":5}},{"start":{},"end":{}}],"line":28},"1":{"loc":{"start":{"line":28,"column":8},"end":{"line":28,"column":27}},"type":"binary-expr","locations":[{"start":{"line":28,"column":8},"end":{"line":28,"column":14}},{"start":{"line":28,"column":18},"end":{"line":28,"column":27}}],"line":28},"2":{"loc":{"start":{"line":36,"column":6},"end":{"line":40,"column":7}},"type":"if","locations":[{"start":{"line":36,"column":6},"end":{"line":40,"column":7}},{"start":{"line":38,"column":13},"end":{"line":40,"column":7}}],"line":36},"3":{"loc":{"start":{"line":48,"column":63},"end":{"line":48,"column":87}},"type":"cond-expr","locations":[{"start":{"line":48,"column":72},"end":{"line":48,"column":78}},{"start":{"line":48,"column":81},"end":{"line":48,"column":87}}],"line":48},"4":{"loc":{"start":{"line":50,"column":18},"end":{"line":50,"column":62}},"type":"cond-expr","locations":[{"start":{"line":50,"column":42},"end":{"line":50,"column":51}},{"start":{"line":50,"column":54},"end":{"line":50,"column":62}}],"line":50},"5":{"loc":{"start":{"line":55,"column":20},"end":{"line":55,"column":70}},"type":"cond-expr","locations":[{"start":{"line":55,"column":29},"end":{"line":55,"column":48}},{"start":{"line":55,"column":51},"end":{"line":55,"column":70}}],"line":55},"6":{"loc":{"start":{"line":59,"column":37},"end":{"line":59,"column":61}},"type":"cond-expr","locations":[{"start":{"line":59,"column":46},"end":{"line":59,"column":52}},{"start":{"line":59,"column":55},"end":{"line":59,"column":61}}],"line":59},"7":{"loc":{"start":{"line":61,"column":49},"end":{"line":61,"column":73}},"type":"cond-expr","locations":[{"start":{"line":61,"column":58},"end":{"line":61,"column":64}},{"start":{"line":61,"column":67},"end":{"line":61,"column":73}}],"line":61},"8":{"loc":{"start":{"line":64,"column":52},"end":{"line":64,"column":76}},"type":"cond-expr","locations":[{"start":{"line":64,"column":61},"end":{"line":64,"column":67}},{"start":{"line":64,"column":70},"end":{"line":64,"column":76}}],"line":64},"9":{"loc":{"start":{"line":71,"column":51},"end":{"line":71,"column":75}},"type":"cond-expr","locations":[{"start":{"line":71,"column":60},"end":{"line":71,"column":66}},{"start":{"line":71,"column":69},"end":{"line":71,"column":75}}],"line":71},"10":{"loc":{"start":{"line":76,"column":37},"end":{"line":76,"column":67}},"type":"cond-expr","locations":[{"start":{"line":76,"column":46},"end":{"line":76,"column":55}},{"start":{"line":76,"column":58},"end":{"line":76,"column":67}}],"line":76},"11":{"loc":{"start":{"line":77,"column":27},"end":{"line":77,"column":51}},"type":"cond-expr","locations":[{"start":{"line":77,"column":36},"end":{"line":77,"column":42}},{"start":{"line":77,"column":45},"end":{"line":77,"column":51}}],"line":77},"12":{"loc":{"start":{"line":78,"column":33},"end":{"line":78,"column":57}},"type":"cond-expr","locations":[{"start":{"line":78,"column":42},"end":{"line":78,"column":48}},{"start":{"line":78,"column":51},"end":{"line":78,"column":57}}],"line":78},"13":{"loc":{"start":{"line":82,"column":38},"end":{"line":82,"column":62}},"type":"cond-expr","locations":[{"start":{"line":82,"column":47},"end":{"line":82,"column":53}},{"start":{"line":82,"column":56},"end":{"line":82,"column":62}}],"line":82},"14":{"loc":{"start":{"line":87,"column":54},"end":{"line":87,"column":78}},"type":"cond-expr","locations":[{"start":{"line":87,"column":63},"end
[...]
:0,"126":0,"127":0,"128":0,"129":0,"130":0,"131":0,"132":0,"133":0,"134":0,"135":0,"136":0,"137":0,"138":0,"139":0,"140":0,"141":0,"142":0,"143":0,"144":0,"145":0,"146":0,"147":0,"148":0,"149":0,"150":0,"151":0,"152":0,"153":0,"154":0,"155":0,"156":0,"157":0,"158":0,"159":0,"160":0,"161":0,"162":0,"163":0,"164":0,"165":0,"166":0,"167":0,"168":0,"169":0,"170":0,"171":0,"172":0,"173":0,"174":0,"175":0,"176":0,"177":0,"178":0,"179":0,"180":0,"181":0,"182":0,"183":0,"184":0,"185":0,"186":0,"187":0,"188":0,"189":0,"190":0,"191":0,"192":0,"193":0,"194":0,"195":0,"196":0,"197":0,"198":0,"199":0,"200":0,"201":0,"202":0,"203":0,"204":0,"205":0,"206":0,"207":0,"208":0,"209":0,"210":0,"211":0,"212":0,"213":0,"214":0,"215":0,"216":0,"217":0,"218":0,"219":0,"220":0,"221":0,"222":0,"223":0,"224":0,"225":0,"226":0,"227":0,"228":0,"229":0,"230":0,"231":0,"232":0,"233":0,"234":0,"235":0,"236":0,"237":0,"238":0,"239":0,"240":0,"241":0,"242":0,"243":0,"244":0,"245":0,"246":0,"247":0,"248":0,"249":0,"250":0,"251":0,"252":0,"253":0,"254":0,"255":0,"256":0,"257":0,"258":0,"259":0,"260":0,"261":0,"262":0,"263":0,"264":0,"265":0,"266":0,"267":0,"268":0,"269":0,"270":0,"271":0,"272":0,"273":0,"274":0,"275":0,"276":0,"277":0,"278":0},"f":{"0":0,"1":0,"2":0,"3":0,"4":0,"5":0,"6":0,"7":0,"8":0,"9":0,"10":0,"11":0,"12":0,"13":0,"14":0,"15":0,"16":0,"17":0,"18":0,"19":0,"20":0,"21":0,"22":0,"23":0,"24":0,"25":0,"26":0,"27":0,"28":0,"29":0,"30":0,"31":0,"32":0,"33":0,"34":0,"35":0,"36":0,"37":0,"38":0,"39":0,"40":0,"41":0,"42":0,"43":0,"44":0,"45":0,"46":0,"47":0,"48":0,"49":0,"50":0,"51":0,"52":0,"53":0,"54":0,"55":0,"56":0,"57":0,"58":0,"59":0,"60":0,"61":0,"62":0,"63":0,"64":0,"65":0,"66":0,"67":0,"68":0,"69":0,"70":0,"71":0,"72":0,"73":0,"74":0,"75":0,"76":0,"77":0,"78":0,"79":0,"80":0,"81":0},"b":{"0":[0,0],"1":[0,0],"2":[0,0],"3":[0,0],"4":[0,0],"5":[0,0],"6":[0,0],"7":[0,0],"8":[0,0],"9":[0,0],"10":[0,0],"11":[0,0],"12":[0,0],"13":[0,0,0],"14":[0,0],"15":[0,0],"16":[0,0],"17":[0,0],"18":[0,0],"19":[0,0],"20":[0,0],"21":[0,0,0,0],"22":[0,0],"23":[0,0],"24":[0,0],"25":[0,0],"26":[0,0],"27":[0,0],"28":[0,0],"29":[0,0],"30":[0,0],"31":[0,0],"32":[0,0],"33":[0,0],"34":[0,0],"35":[0,0],"36":[0,0],"37":[0,0],"38":[0,0],"39":[0,0],"40":[0,0],"41":[0,0],"42":[0,0],"43":[0,0],"44":[0,0],"45":[0,0],"46":[0,0],"47":[0,0],"48":[0,0],"49":[0,0],"50":[0,0],"51":[0,0],"52":[0,0],"53":[0,0],"54":[0,0],"55":[0,0],"56":[0,0],"57":[0,0],"58":[0,0],"59":[0,0],"60":[0,0],"61":[0,0],"62":[0,0],"63":[0,0],"64":[0,0],"65":[0,0],"66":[0,0],"67":[0,0],"68":[0,0],"69":[0,0],"70":[0,0],"71":[0,0],"72":[0,0],"73":[0,0],"74":[0,0],"75":[0,0],"76":[0,0],"77":[0,0],"78":[0,0],"79":[0,0],"80":[0,0,0],"81":[0,0,0,0],"82":[0,0],"83":[0,0],"84":[0,0,0],"85":[0,0],"86":[0,0],"87":[0,0],"88":[0,0],"89":[0,0],"90":[0,0],"91":[0,0],"92":[0,0],"93":[0,0],"94":[0,0],"95":[0,0],"96":[0,0],"97":[0,0],"98":[0,0],"99":[0,0],"100":[0,0],"101":[0,0],"102":[0,0],"103":[0,0],"104":[0,0],"105":[0,0],"106":[0,0],"107":[0,0],"108":[0,0],"109":[0,0],"110":[0,0],"111":[0,0],"112":[0,0],"113":[0,0],"114":[0,0],"115":[0,0],"116":[0,0],"117":[0,0],"118":[0,0],"119":[0,0],"120":[0,0],"121":[0,0],"122":[0,0],"123":[0,0],"124":[0,0],"125":[0,0],"126":[0,0],"127":[0,0],"128":[0,0],"129":[0,0],"130":[0,0],"131":[0,0],"132":[0,0],"133":[0,0],"134":[0,0],"135":[0,0],"136":[0,0],"137":[0,0],"138":[0,0],"139":[0,0],"140":[0,0],"141":[0,0],"142":[0,0],"143":[0,0],"144":[0,0],"145":[0,0],"146":[0,0],"147":[0,0],"148":[0,0],"149":[0,0],"150":[0,0],"151":[0,0],"152":[0,0],"153":[0,0],"154":[0,0],"155":[0,0],"156":[0,0],"157":[0,0],"158":[0,0],"159":[0,0],"160":[0,0],"161":[0,0],"162":[0,0,0,0]}}
,"E:\\downloads\\a0-project\\services\\AuthContext.tsx": {"path":"E:\\downloads\\a0-project\\services\\AuthContext.tsx","statementMap":{"0":{"start":{"line":21,"column":20},"end":{"line":21,"column":73}},"1":{"start":{"line":23,"column":69},"end":{"line":81,"column":1}},"2":{"start":{"line":24,"column":26},"end":{"line":24,"column":46}},"3":{"start":{"line":25,"column":36},"end":{"line":25,"column":50}},"4":{"start":{"line":27,"column":2},"end":{"line":39,"column":9}},"5":{"start":{"line":29,"column":21},"end":{"line":36,"column":5}},"6":{"start":{"line":30,"column":6},"end":{"line":30,"column":25}},"7":{"start":{"line":31,"column":30},"end":{"line":31,"column":52}},"8":{"start":{"line":32,"column":6},"end":{"line":34,"column":7}},"9":{"start":{"line":33,"column":8},"end":{"line":33,"column":22}},"10":{"start":{"line":35,"column":6},"end":{"line":35,"column":26}},"11":{"start":{"line":38,"column":4},"end":{"line":38,"column":15}},"12":{"start":{"line":41,"column":16},"end":{"line":49,"column":3}},"13":{"start":{"line":42,"column":4},"end":{"line":42,"column":23}},"14":{"start":{"line":43,"column":28},"end":{"line":43,"column":60}},"15":{"start":{"line":44,"column":4},"end":{"line":46,"column":5}},"16":{"start":{"line":45,"column":6},"end":{"line":45,"column":20}},"17":{"start":{"line":47,"column":4},"end":{"line":47,"column":24}},"18":{"start":{"line":48,"column":4},"end":{"line":48,"column":28}},"19":{"start":{"line":51,"column":17},"end":{"line":56,"column":3}},"20":{"start":{"line":52,"column":4},"end":{"line":52,"column":23}},"21":{"start":{"line":53,"column":4},"end":{"line":53,"column":23}},"22":{"start":{"line":54,"column":4},"end":{"line":54,"column":18}},"23":{"start":{"line":55,"column":4},"end":{"line":55,"column":24}},"24":{"start":{"line":58,"column":24},"end":{"line":66,"column":3}},"25":{"start":{"line":59,"column":4},"end":{"line":59,"column":23}},"26":{"start":{"line":60,"column":41},"end":{"line":60,"column":70}},"27":{"start":{"line":61,"column":4},"end":{"line":63,"column":5}},"28":{"start":{"line":62,"column":6},"end":{"line":62,"column":27}},"29":{"start":{"line":64,"column":4},"end":{"line":64,"column":24}},"30":{"start":{"line":65,"column":4},"end":{"line":65,"column":28}},"31":{"start":{"line":68,"column":2},"end":{"line":80,"column":4}},"32":{"start":{"line":83,"column":23},"end":{"line":89,"column":1}},"33":{"start":{"line":84,"column":18},"end":{"line":84,"column":41}},"34":{"start":{"line":85,"column":2},"end":{"line":87,"column":3}},"35":{"start":{"line":86,"column":4},"end":{"line":86,"column":67}},"36":{"start":{"line":88,"column":2},"end":{"line":88,"column":17}}},"fnMap":{"0":{"name":"(anonymous_0)","decl":{"start":{"line":23,"column":69},"end":{"line":23,"column":70}},"loc":{"start":{"line":23,"column":87},"end":{"line":81,"column":1}},"line":23},"1":{"name":"(anonymous_1)","decl":{"start":{"line":27,"column":12},"end":{"line":27,"column":13}},"loc":{"start":{"line":27,"column":18},"end":{"line":39,"column":3}},"line":27},"2":{"name":"(anonymous_2)","decl":{"start":{"line":29,"column":21},"end":{"line":29,"column":22}},"loc":{"start":{"line":29,"column":33},"end":{"line":36,"column":5}},"line":29},"3":{"name":"(anonymous_3)","decl":{"start":{"line":41,"column":16},"end":{"line":41,"column":17}},"loc":{"start":{"line":41,"column":59},"end":{"line":49,"column":3}},"line":41},"4":{"name":"(anonymous_4)","decl":{"start":{"line":51,"column":17},"end":{"line":51,"column":18}},"loc":{"start":{"line":51,"column":29},"end":{"line":56,"column":3}},"line":51},"5":{"name":"(anonymous_5)","decl":{"start":{"line":58,"column":24},"end":{"line":58,"column":25}},"loc":{"start":{"line":58,"column":85},"end":{"line":66,"column":3}},"line":58},"6":{"name":"(anonymous_6)","decl":{"start":{"line":83,"column":23},"end":{"line":83,"column":24}},"loc":{"start":{"line":83,"column":29},"end":{"line":89,"column":1}},"line":83}},"branchMap":{"0":{"loc":{"start":{"line":32,"column":6},"end":{"line":34,"column":7}},"type":"if","locations":[{"start":{"line":32,"column":6},"end":{"line":34,"column":7}},{"start":{},"end":{}}],"line":32},"1":{"loc":{"start":{"line":32,"column":10},"end":{"line":32,"column":24}},"type":"binary-expr","locations":[{"start":{"line":32,"column":10},"end":{"line":32,"column":14}},{"start":{"line":32,"column":18},"end":{"line":32,"column":24}}],"line":32},"2":{"loc":{"start":{"line":44,"column":4},"end":{"line":46,"column":5}},"type":"if","locations":[{"start":{"line":44,"column":4},"end":{"line":46,"column":5}},{"start":{},"end":{}}],"line":44},"3":{"loc":{"start":{"line":44,"column":8},"end":{"line":44,"column":22}},"type":"binary-expr","locations":[{"start":{"line":44,"column":8},"end":{"line":44,"column":12}},{"start":{"line":44,"column":16},"end":{"line":44,"column":22}}],"line":44},"4":{"loc":{"start":{"line":61,"column":4},"end":{"line":63,"column":5}},"type":"if","locations":[{"start":{"line":61,"column":4},"end":{"line":63,"column":5}},{"start":{},"end":{}}],"line":61},"5":{"loc":{"start":{"line":61,"column":8},"end":{"line":61,"column":29}},"type":"binary-expr","locations":[{"start":{"line":61,"column":8},"end":{"line":61,"column":19}},{"start":{"line":61,"column":23},"end":{"line":61,"column":29}}],"line":61},"6":{"loc":{"start":{"line":85,"column":2},"end":{"line":87,"column":3}},"type":"if","locations":[{"start":{"line":85,"column":2},"end":{"line":87,"column":3}},{"start":{},"end":{}}],"line":85}},"s":{"0":0,"1":0,"2":0,"3":0,"4":0,"5":0,"6":0,"7":0,"8":0,"9":0,"10":0,"11":0,"12":0,"13":0,"14":0,"15":0,"16":0,"17":0,"18":0,"19":0,"20":0,"21":0,"22":0,"23":0,"24":0,"25":0,"26":0,"27":0,"28":0,"29":0,"30":0,"31":0,"32":0,"33":0,"34":0,"35":0,"36":0},"f":{"0":0,"1":0,"2":0,"3":0,"4":0,"5":0,"6":0},"b":{"0":[0,0],"1":[0,0],"2":[0,0],"3":[0,0],"4":[0,0],"5":[0,0],"6":[0,0]}}
,"E:\\downloads\\a0-project\\services\\mockApi.ts": {"path":"E:\\downloads\\a0-project\\services\\mockApi.ts","statementMap":{"0":{"start":{"line":4,"column":20},"end":{"line":29,"column":1}},"1":{"start":{"line":31,"column":23},"end":{"line":105,"column":1}},"2":{"start":{"line":33,"column":4},"end":{"line":38,"column":5}},"3":{"start":{"line":34,"column":6},"end":{"line":34,"column":19}},"4":{"start":{"line":36,"column":6},"end":{"line":36,"column":51}},"5":{"start":{"line":37,"column":6},"end":{"line":37,"column":16}},"6":{"start":{"line":42,"column":4},"end":{"line":53,"column":5}},"7":{"start":{"line":43,"column":28},"end":{"line":47,"column":7}},"8":{"start":{"line":48,"column":6},"end":{"line":48,"column":26}},"9":{"start":{"line":49,"column":6},"end":{"line":49,"column":21}},"10":{"start":{"line":51,"column":6},"end":{"line":51,"column":49}},"11":{"start":{"line":52,"column":6},"end":{"line":52,"column":18}},"12":{"start":{"line":57,"column":4},"end":{"line":75,"column":5}},"13":{"start":{"line":59,"column":24},"end":{"line":59,"column":61}},"14":{"start":{"line":59,"column":45},"end":{"line":59,"column":60}},"15":{"start":{"line":60,"column":6},"end":{"line":62,"column":7}},"16":{"start":{"line":61,"column":8},"end":{"line":61,"column":42}},"17":{"start":{"line":65,"column":6},"end":{"line":68,"column":8}},"18":{"start":{"line":71,"column":6},"end":{"line":71,"column":30}},"19":{"start":{"line":73,"column":6},"end":{"line":73,"column":51}},"20":{"start":{"line":74,"column":6},"end":{"line":74,"column":18}},"21":{"start":{"line":79,"column":4},"end":{"line":94,"column":5}},"22":{"start":{"line":80,"column":24},"end":{"line":80,"column":61}},"23":{"start":{"line":80,"column":45},"end":{"line":80,"column":60}},"24":{"start":{"line":81,"column":6},"end":{"line":83,"column":7}},"25":{"start":{"line":82,"column":8},"end":{"line":82,"column":42}},"26":{"start":{"line":85,"column":6},"end":{"line":88,"column":8}},"27":{"start":{"line":90,"column":6},"end":{"line":90,"column":30}},"28":{"start":{"line":92,"column":6},"end":{"line":92,"column":51}},"29":{"start":{"line":93,"column":6},"end":{"line":93,"column":18}},"30":{"start":{"line":98,"column":4},"end":{"line":103,"column":5}},"31":{"start":{"line":99,"column":6},"end":{"line":99,"column":49}},"32":{"start":{"line":99,"column":32},"end":{"line":99,"column":47}},"33":{"start":{"line":101,"column":6},"end":{"line":101,"column":51}},"34":{"start":{"line":102,"column":6},"end":{"line":102,"column":18}}},"fnMap":{"0":{"name":"(anonymous_0)","decl":{"start":{"line":32,"column":12},"end":{"line":32,"column":13}},"loc":{"start":{"line":32,"column":41},"end":{"line":39,"column":3}},"line":32},"1":{"name":"(anonymous_1)","decl":{"start":{"line":41,"column":11},"end":{"line":41,"column":12}},"loc":{"start":{"line":41,"column":60},"end":{"line":54,"column":3}},"line":41},"2":{"name":"(anonymous_2)","decl":{"start":{"line":56,"column":24},"end":{"line":56,"column":25}},"loc":{"start":{"line":56,"column":65},"end":{"line":76,"column":3}},"line":56},"3":{"name":"(anonymous_3)","decl":{"start":{"line":59,"column":40},"end":{"line":59,"column":41}},"loc":{"start":{"line":59,"column":45},"end":{"line":59,"column":60}},"line":59},"4":{"name":"(anonymous_4)","decl":{"start":{"line":78,"column":14},"end":{"line":78,"column":15}},"loc":{"start":{"line":78,"column":79},"end":{"line":95,"column":3}},"line":78},"5":{"name":"(anonymous_5)","decl":{"start":{"line":80,"column":40},"end":{"line":80,"column":41}},"loc":{"start":{"line":80,"column":45},"end":{"line":80,"column":60}},"line":80},"6":{"name":"(anonymous_6)","decl":{"start":{"line":97,"column":14},"end":{"line":97,"column":15}},"loc":{"start":{"line":97,"column":55},"end":{"line":104,"column":3}},"line":97},"7":{"name":"(anonymous_7)","decl":{"start":{"line":99,"column":27},"end":{"line":99,"column":28}},"loc":{"start":{"line":99,"column":32},"end":{"line":99,"column":47}},"line":99}},"branchMap":{"0":{"loc":{"start":{"line":60,"column":6},"end":{"line":62,"column":7}},"type":"if","locations":[{"start":{"line":60,"column":6},"end":{"line":62,"column":7}},{"start":{},"end":{}}],"line":60},"1":{"loc":{"start":{"line":81,"column":6},"end":{"line":83,"column":7}},"type":"if","locations":[{"start":{"line":81,"column":6},"end":{"line":83,"column":7}},{"start":{},"end":{}}],"line":81}},"s":{"0":0,"1":0,"2":0,"3":0,"4":0,"5":0,"6":0,"7":0,"8":0,"9":0,"10":0,"11":0,"12":0,"13":0,"14":0,"15":0,"16":0,"17":0,"18":0,"19":0,"20":0,"21":0,"22":0,"23":0,"24":0,"25":0,"26":0,"27":0,"28":0,"29":0,"30":0,"31":0,"32":0,"33":0,"34":0},"f":{"0":0,"1":0,"2":0,"3":0,"4":0,"5":0,"6":0,"7":0},"b":{"0":[0,0],"1":[0,0]}}
,"E:\\downloads\\a0-project\\services\\supabase.ts": {"path":"E:\\downloads\\a0-project\\services\\supabase.ts","statementMap":{"0":{"start":{"line":7,"column":20},"end":{"line":7,"column":65}},"1":{"start":{"line":8,"column":20},"end":{"line":8,"column":73}},"2":{"start":{"line":11,"column":27},"end":{"line":15,"column":1}},"3":{"start":{"line":12,"column":28},"end":{"line":12,"column":53}},"4":{"start":{"line":13,"column":43},"end":{"line":13,"column":75}},"5":{"start":{"line":14,"column":31},"end":{"line":14,"column":59}},"6":{"start":{"line":18,"column":24},"end":{"line":25,"column":2}},"7":{"start":{"line":28,"column":0},"end":{"line":32,"column":3}},"8":{"start":{"line":29,"column":2},"end":{"line":31,"column":3}},"9":{"start":{"line":30,"column":4},"end":{"line":30,"column":35}},"10":{"start":{"line":35,"column":24},"end":{"line":42,"column":1}},"11":{"start":{"line":45,"column":25},"end":{"line":54,"column":1}},"12":{"start":{"line":47,"column":2},"end":{"line":51,"column":3}},"13":{"start":{"line":49,"column":4},"end":{"line":49,"column":65}},"14":{"start":{"line":50,"column":4},"end":{"line":50,"column":43}},"15":{"start":{"line":53,"column":2},"end":{"line":53,"column":54}},"16":{"start":{"line":56,"column":26},"end":{"line":59,"column":1}},"17":{"start":{"line":57,"column":2},"end":{"line":57,"column":40}},"18":{"start":{"line":58,"column":2},"end":{"line":58,"column":25}},"19":{"start":{"line":61,"column":30},"end":{"line":67,"column":1}},"20":{"start":{"line":62,"column":21},"end":{"line":62,"column":55}},"21":{"start":{"line":63,"column":2},"end":{"line":65,"column":3}},"22":{"start":{"line":64,"column":4},"end":{"line":64,"column":57}},"23":{"start":{"line":66,"column":2},"end":{"line":66,"column":37}},"24":{"start":{"line":69,"column":33},"end":{"line":90,"column":1}},"25":{"start":{"line":74,"column":26},"end":{"line":74,"column":48}},"26":{"start":{"line":75,"column":2},"end":{"line":75,"column":69}},"27":{"start":{"line":75,"column":22},"end":{"line":75,"column":69}},"28":{"start":{"line":78,"column":22},"end":{"line":84,"column":3}},"29":{"start":{"line":87,"column":2},"end":{"line":87,"column":66}},"30":{"start":{"line":89,"column":2},"end":{"line":89,"column":44}}},"fnMap":{"0":{"name":"(anonymous_0)","decl":{"start":{"line":12,"column":11},"end":{"line":12,"column":12}},"loc":{"start":{"line":12,"column":28},"end":{"line":12,"column":53}},"line":12},"1":{"name":"(anonymous_1)","decl":{"start":{"line":13,"column":11},"end":{"line":13,"column":12}},"loc":{"start":{"line":13,"column":43},"end":{"line":13,"column":75}},"line":13},"2":{"name":"(anonymous_2)","decl":{"start":{"line":14,"column":14},"end":{"line":14,"column":15}},"loc":{"start":{"line":14,"column":31},"end":{"line":14,"column":59}},"line":14},"3":{"name":"(anonymous_3)","decl":{"start":{"line":28,"column":36},"end":{"line":28,"column":37}},"loc":{"start":{"line":28,"column":47},"end":{"line":32,"column":1}},"line":28},"4":{"name":"(anonymous_4)","decl":{"start":{"line":45,"column":25},"end":{"line":45,"column":26}},"loc":{"start":{"line":45,"column":68},"end":{"line":54,"column":1}},"line":45},"5":{"name":"(anonymous_5)","decl":{"start":{"line":56,"column":26},"end":{"line":56,"column":27}},"loc":{"start":{"line":56,"column":38},"end":{"line":59,"column":1}},"line":56},"6":{"name":"(anonymous_6)","decl":{"start":{"line":61,"column":30},"end":{"line":61,"column":31}},"loc":{"start":{"line":61,"column":42},"end":{"line":67,"column":1}},"line":61},"7":{"name":"(anonymous_7)","decl":{"start":{"line":69,"column":33},"end":{"line":69,"column":34}},"loc":{"start":{"line":72,"column":6},"end":{"line":90,"column":1}},"line":72}},"branchMap":{"0":{"loc":{"start":{"line":29,"column":2},"end":{"line":31,"column":3}},"type":"if","locations":[{"start":{"line":29,"column":2},"end":{"line":31,"column":3}},{"start":{},"end":{}}],"line":29},"1":{"loc":{"start":{"line":47,"column":2},"end":{"line":51,"column":3}},"type":"if","locations":[{"start":{"line":47,"column":2},"end":{"line":51,"column":3}},{"start":{},"end":{}}],"line":47},"2":{"loc":{"start":{"line":47,"column":6},"end":{"line":47,"column":53}},"type":"binary-expr","locations":[{"start":{"line":47,"column":6},"end":{"line":47,"column":26}},{"start":{"line":47,"column":30},"end":{"line":47,"column":53}}],"line":47},"3":{"loc":{"start":{"line":63,"column":2},"end":{"line":65,"column":3}},"type":"if","locations":[{"start":{"line":63,"column":2},"end":{"line":65,"column":3}},{"start":{},"end":{}}],"line":63},"4":{"loc":{"start":{"line":75,"column":2},"end":{"line":75,"column":69}},"type":"if","locations":[{"start":{"line":75,"column":2},"end":{"line":75,"column":69}},{"start":{},"end":{}}],"line":75},"5":{"loc":{"start":{"line":75,"column":6},"end":{"line":75,"column":20}},"type":"binary-expr","locations":[{"start":{"line":75,"column":6},"end":{"line":75,"column":11}},{"start":{"line":75,"column":15},"end":{"line":75,"column":20}}],"line":75}},"s":{"0":0,"1":0,"2":0,"3":0,"4":0,"5":0,"6":0,"7":0,"8":0,"9":0,"10":0,"11":0,"12":0,"13":0,"14":0,"15":0,"16":0,"17":0,"18":0,"19":0,"20":0,"21":0,"22":0,"23":0,"24":0,"25":0,"26":0,"27":0,"28":0,"29":0,"30":0},"f":{"0":0,"1":0,"2":0,"3":0,"4":0,"5":0,"6":0,"7":0},"b":{"0":[0,0],"1":[0,0],"2":[0,0],"3":[0,0],"4":[0,0],"5":[0,0]}}
,"E:\\downloads\\a0-project\\theme\\colors.ts": {"path":"E:\\downloads\\a0-project\\theme\\colors.ts","statementMap":{"0":{"start":{"line":1,"column":22},"end":{"line":33,"column":1}},"1":{"start":{"line":35,"column":25},"end":{"line":55,"column":1}},"2":{"start":{"line":57,"column":23},"end":{"line":79,"column":1}}},"fnMap":{},"branchMap":{},"s":{"0":0,"1":0,"2":0},"f":{},"b":{}}
,"E:\\downloads\\a0-project\\types\\index.ts": {"path":"E:\\downloads\\a0-project\\types\\index.ts","statementMap":{},"fnMap":{},"branchMap":{},"s":{},"f":{},"b":{}}
}
