TN:
SF:App.tsx
FN:24,TabNavigator
FN:44,(anonymous_1)
FN:51,(anonymous_2)
FN:58,(anonymous_3)
FN:65,(anonymous_4)
FN:72,AppNavigator
FN:93,App
FNF:7
FNH:0
FNDA:0,TabNavigator
FNDA:0,(anonymous_1)
FNDA:0,(anonymous_2)
FNDA:0,(anonymous_3)
FNDA:0,(anonymous_4)
FNDA:0,AppNavigator
FNDA:0,App
DA:21,0
DA:22,0
DA:25,0
DA:26,0
DA:28,0
DA:44,0
DA:51,0
DA:58,0
DA:65,0
DA:73,0
DA:75,0
DA:77,0
DA:80,0
DA:94,0
DA:106,0
LF:15
LH:0
BRDA:33,0,0,0
BRDA:33,0,1,0
BRDA:34,1,0,0
BRDA:34,1,1,0
BRDA:37,2,0,0
BRDA:37,2,1,0
BRDA:75,3,0,0
BRDA:75,3,1,0
BRDA:82,4,0,0
BRDA:82,4,1,0
BRF:10
BRH:0
end_of_record
TN:
SF:index.ts
FNF:0
FNH:0
DA:8,0
LF:1
LH:0
BRF:0
BRH:0
end_of_record
TN:
SF:jest.config.js
FNF:0
FNH:0
DA:1,0
LF:1
LH:0
BRF:0
BRH:0
end_of_record
TN:
SF:components\AddTaskModal.tsx
FN:30,AddTaskModal
FN:37,(anonymous_1)
FN:55,(anonymous_2)
FN:82,(anonymous_3)
FN:89,(anonymous_4)
FN:103,(anonymous_5)
FN:115,(anonymous_6)
FN:130,(anonymous_7)
FNF:8
FNH:0
FNDA:0,AddTaskModal
FNDA:0,(anonymous_1)
FNDA:0,(anonymous_2)
FNDA:0,(anonymous_3)
FNDA:0,(anonymous_4)
FNDA:0,(anonymous_5)
FNDA:0,(anonymous_6)
FNDA:0,(anonymous_7)
DA:15,0
DA:16,0
DA:31,0
DA:32,0
DA:33,0
DA:34,0
DA:35,0
DA:37,0
DA:38,0
DA:40,0
DA:49,0
DA:50,0
DA:51,0
DA:52,0
DA:55,0
DA:56,0
DA:57,0
DA:58,0
DA:62,0
DA:83,0
DA:89,0
DA:104,0
DA:115,0
DA:130,0
DA:169,0
LF:25
LH:0
BRDA:38,0,0,0
BRDA:38,0,1,0
BRDA:38,1,0,0
BRDA:38,1,1,0
BRDA:38,1,2,0
BRDA:57,2,0,0
BRDA:57,2,1,0
BRDA:87,3,0,0
BRDA:87,3,1,0
BRDA:93,4,0,0
BRDA:93,4,1,0
BRDA:108,5,0,0
BRDA:108,5,1,0
BRDA:109,6,0,0
BRDA:109,6,1,0
BRDA:110,7,0,0
BRDA:110,7,1,0
BRDA:111,8,0,0
BRDA:111,8,1,0
BRDA:119,9,0,0
BRDA:119,9,1,0
BRDA:137,10,0,0
BRDA:137,10,1,0
BRF:23
BRH:0
end_of_record
TN:
SF:components\Dashboard.tsx
FN:3,Dashboard
FN:5,(anonymous_1)
FN:7,(anonymous_2)
FNF:3
FNH:0
FNDA:0,Dashboard
FNDA:0,(anonymous_1)
FNDA:0,(anonymous_2)
DA:4,0
DA:5,0
DA:6,0
DA:7,0
DA:9,0
DA:11,0
DA:36,0
LF:7
LH:0
BRDA:9,0,0,0
BRDA:9,0,1,0
BRF:2
BRH:0
end_of_record
TN:
SF:components\EditTaskModal.tsx
FN:16,EditTaskModal
FN:23,(anonymous_1)
FN:32,(anonymous_2)
FN:37,(anonymous_3)
FN:57,(anonymous_4)
FN:61,(anonymous_5)
FN:72,(anonymous_6)
FN:89,(anonymous_7)
FN:101,(anonymous_8)
FNF:9
FNH:0
FNDA:0,EditTaskModal
FNDA:0,(anonymous_1)
FNDA:0,(anonymous_2)
FNDA:0,(anonymous_3)
FNDA:0,(anonymous_4)
FNDA:0,(anonymous_5)
FNDA:0,(anonymous_6)
FNDA:0,(anonymous_7)
FNDA:0,(anonymous_8)
DA:13,0
DA:14,0
DA:17,0
DA:18,0
DA:19,0
DA:20,0
DA:21,0
DA:23,0
DA:24,0
DA:25,0
DA:26,0
DA:27,0
DA:28,0
DA:32,0
DA:33,0
DA:34,0
DA:37,0
DA:38,0
DA:39,0
DA:42,0
DA:58,0
DA:61,0
DA:73,0
DA:89,0
DA:101,0
DA:128,0
LF:26
LH:0
BRDA:24,0,0,0
BRDA:24,0,1,0
BRDA:33,1,0,0
BRDA:33,1,1,0
BRDA:33,2,0,0
BRDA:33,2,1,0
BRDA:33,2,2,0
BRDA:39,3,0,0
BRDA:39,3,1,0
BRDA:60,4,0,0
BRDA:60,4,1,0
BRDA:63,5,0,0
BRDA:63,5,1,0
BRDA:77,6,0,0
BRDA:77,6,1,0
BRDA:80,7,0,0
BRDA:80,7,1,0
BRDA:81,8,0,0
BRDA:81,8,1,0
BRDA:83,9,0,0
BRDA:83,9,1,0
BRDA:92,10,0,0
BRDA:92,10,1,0
BRDA:104,11,0,0
BRDA:104,11,1,0
BRF:25
BRH:0
end_of_record
TN:
SF:components\TaskCheckbox.tsx
FN:11,(anonymous_0)
FN:16,(anonymous_1)
FNF:2
FNH:0
FNDA:0,(anonymous_0)
FNDA:0,(anonymous_1)
DA:11,0
DA:13,0
DA:16,0
DA:17,0
DA:31,0
DA:52,0
LF:6
LH:0
BRDA:40,0,0,0
BRDA:40,0,1,0
BRDA:44,1,0,0
BRDA:44,1,1,0
BRF:4
BRH:0
end_of_record
TN:
SF:components\TaskList.tsx
FN:5,(anonymous_0)
FN:47,TaskList
FN:51,(anonymous_2)
FN:55,(anonymous_3)
FN:66,(anonymous_4)
FN:92,(anonymous_5)
FNF:6
FNH:0
FNDA:0,(anonymous_0)
FNDA:0,TaskList
FNDA:0,(anonymous_2)
FNDA:0,(anonymous_3)
FNDA:0,(anonymous_4)
FNDA:0,(anonymous_5)
DA:5,0
DA:6,0
DA:7,0
DA:8,0
DA:9,0
DA:10,0
DA:15,0
DA:48,0
DA:52,0
DA:55,0
DA:66,0
DA:92,0
LF:12
LH:0
BRDA:6,0,0,0
BRDA:6,0,1,0
BRDA:6,0,2,0
BRDA:6,0,3,0
BRDA:58,1,0,0
BRDA:58,1,1,0
BRDA:70,2,0,0
BRDA:70,2,1,0
BRF:8
BRH:0
end_of_record
TN:
SF:screens\CalendarScreen.tsx
FN:9,CalendarScreen
FN:18,(anonymous_1)
FN:27,(anonymous_2)
FN:36,(anonymous_3)
FN:39,(anonymous_4)
FN:46,(anonymous_5)
FN:51,(anonymous_6)
FN:58,(anonymous_7)
FN:68,(anonymous_8)
FN:78,(anonymous_9)
FN:79,(anonymous_10)
FN:85,(anonymous_11)
FN:99,(anonymous_12)
FN:110,(anonymous_13)
FN:125,(anonymous_14)
FN:146,(anonymous_15)
FN:204,(anonymous_16)
FN:219,(anonymous_17)
FN:244,getPriorityBackgroundColor
FNF:19
FNH:0
FNDA:0,CalendarScreen
FNDA:0,(anonymous_1)
FNDA:0,(anonymous_2)
FNDA:0,(anonymous_3)
FNDA:0,(anonymous_4)
FNDA:0,(anonymous_5)
FNDA:0,(anonymous_6)
FNDA:0,(anonymous_7)
FNDA:0,(anonymous_8)
FNDA:0,(anonymous_9)
FNDA:0,(anonymous_10)
FNDA:0,(anonymous_11)
FNDA:0,(anonymous_12)
FNDA:0,(anonymous_13)
FNDA:0,(anonymous_14)
FNDA:0,(anonymous_15)
FNDA:0,(anonymous_16)
FNDA:0,(anonymous_17)
FNDA:0,getPriorityBackgroundColor
DA:10,0
DA:11,0
DA:12,0
DA:13,0
DA:14,0
DA:15,0
DA:16,0
DA:18,0
DA:19,0
DA:20,0
DA:27,0
DA:28,0
DA:29,0
DA:30,0
DA:32,0
DA:36,0
DA:37,0
DA:38,0
DA:39,0
DA:40,0
DA:41,0
DA:42,0
DA:46,0
DA:47,0
DA:48,0
DA:49,0
DA:50,0
DA:51,0
DA:52,0
DA:53,0
DA:55,0
DA:58,0
DA:59,0
DA:60,0
DA:61,0
DA:63,0
DA:65,0
DA:68,0
DA:69,0
DA:70,0
DA:71,0
DA:73,0
DA:75,0
DA:78,0
DA:79,0
DA:80,0
DA:81,0
DA:85,0
DA:86,0
DA:87,0
DA:88,0
DA:90,0
DA:99,0
DA:110,0
DA:125,0
DA:126,0
DA:127,0
DA:129,0
DA:147,0
DA:180,0
DA:204,0
DA:219,0
DA:245,0
DA:247,0
DA:249,0
DA:251,0
DA:253,0
DA:257,0
LF:68
LH:0
BRDA:60,0,0,0
BRDA:60,0,1,0
BRDA:70,1,0,0
BRDA:70,1,1,0
BRDA:95,2,0,0
BRDA:95,2,1,0
BRDA:96,3,0,0
BRDA:96,3,1,0
BRDA:97,4,0,0
BRDA:97,4,1,0
BRDA:103,5,0,0
BRDA:103,5,1,0
BRDA:104,6,0,0
BRDA:104,6,1,0
BRDA:108,7,0,0
BRDA:108,7,1,0
BRDA:110,8,0,0
BRDA:110,8,1,0
BRDA:115,9,0,0
BRDA:115,9,1,0
BRDA:126,10,0,0
BRDA:126,10,1,0
BRDA:133,11,0,0
BRDA:133,11,1,0
BRDA:137,12,0,0
BRDA:137,12,1,0
BRDA:140,13,0,0
BRDA:140,13,1,0
BRDA:149,14,0,0
BRDA:149,14,1,0
BRDA:155,15,0,0
BRDA:155,15,1,0
BRDA:160,16,0,0
BRDA:160,16,1,0
BRDA:166,17,0,0
BRDA:166,17,1,0
BRDA:171,18,0,0
BRDA:171,18,1,0
BRDA:181,19,0,0
BRDA:181,19,1,0
BRDA:183,20,0,0
BRDA:183,20,1,0
BRDA:189,21,0,0
BRDA:189,21,1,0
BRDA:191,22,0,0
BRDA:191,22,1,0
BRDA:195,23,0,0
BRDA:195,23,1,0
BRDA:202,24,0,0
BRDA:202,24,1,0
BRDA:208,25,0,0
BRDA:208,25,1,0
BRDA:209,26,0,0
BRDA:209,26,1,0
BRDA:217,27,0,0
BRDA:217,27,1,0
BRDA:223,28,0,0
BRDA:223,28,1,0
BRDA:224,29,0,0
BRDA:224,29,1,0
BRDA:235,30,0,0
BRDA:235,30,1,0
BRDA:245,31,0,0
BRDA:245,31,1,0
BRDA:245,31,2,0
BRDA:245,31,3,0
BRF:66
BRH:0
end_of_record
TN:
SF:screens\HomeScreen.tsx
FN:11,HomeScreen
FN:20,(anonymous_1)
FN:24,(anonymous_2)
FN:33,(anonymous_3)
FN:36,(anonymous_4)
FN:43,(anonymous_5)
FN:45,(anonymous_6)
FN:53,(anonymous_7)
FN:54,(anonymous_8)
FN:60,(anonymous_9)
FN:66,(anonymous_10)
FN:67,(anonymous_11)
FN:76,(anonymous_12)
FN:80,(anonymous_13)
FN:81,(anonymous_14)
FN:88,(anonymous_15)
FN:99,(anonymous_16)
FN:104,(anonymous_17)
FN:124,(anonymous_18)
FN:136,(anonymous_19)
FN:156,(anonymous_20)
FN:296,(anonymous_21)
FN:308,(anonymous_22)
FN:331,(anonymous_23)
FN:345,(anonymous_24)
FN:411,(anonymous_25)
FN:426,(anonymous_26)
FN:436,(anonymous_27)
FN:444,(anonymous_28)
FN:457,(anonymous_29)
FN:467,(anonymous_30)
FN:479,(anonymous_31)
FN:486,getPriorityBackgroundColor
FN:499,getPriorityTextColor
FN:512,getProgressColor
FNF:35
FNH:0
FNDA:0,HomeScreen
FNDA:0,(anonymous_1)
FNDA:0,(anonymous_2)
FNDA:0,(anonymous_3)
FNDA:0,(anonymous_4)
FNDA:0,(anonymous_5)
FNDA:0,(anonymous_6)
FNDA:0,(anonymous_7)
FNDA:0,(anonymous_8)
FNDA:0,(anonymous_9)
FNDA:0,(anonymous_10)
FNDA:0,(anonymous_11)
FNDA:0,(anonymous_12)
FNDA:0,(anonymous_13)
FNDA:0,(anonymous_14)
FNDA:0,(anonymous_15)
FNDA:0,(anonymous_16)
FNDA:0,(anonymous_17)
FNDA:0,(anonymous_18)
FNDA:0,(anonymous_19)
FNDA:0,(anonymous_20)
FNDA:0,(anonymous_21)
FNDA:0,(anonymous_22)
FNDA:0,(anonymous_23)
FNDA:0,(anonymous_24)
FNDA:0,(anonymous_25)
FNDA:0,(anonymous_26)
FNDA:0,(anonymous_27)
FNDA:0,(anonymous_28)
FNDA:0,(anonymous_29)
FNDA:0,(anonymous_30)
FNDA:0,(anonymous_31)
FNDA:0,getPriorityBackgroundColor
FNDA:0,getPriorityTextColor
FNDA:0,getProgressColor
DA:12,0
DA:13,0
DA:14,0
DA:15,0
DA:16,0
DA:17,0
DA:18,0
DA:20,0
DA:21,0
DA:24,0
DA:25,0
DA:26,0
DA:27,0
DA:29,0
DA:33,0
DA:34,0
DA:35,0
DA:36,0
DA:37,0
DA:39,0
DA:43,0
DA:45,0
DA:46,0
DA:49,0
DA:50,0
DA:53,0
DA:54,0
DA:55,0
DA:60,0
DA:61,0
DA:62,0
DA:64,0
DA:66,0
DA:67,0
DA:68,0
DA:75,0
DA:76,0
DA:80,0
DA:81,0
DA:82,0
DA:83,0
DA:88,0
DA:89,0
DA:90,0
DA:91,0
DA:92,0
DA:93,0
DA:94,0
DA:96,0
DA:99,0
DA:100,0
DA:101,0
DA:104,0
DA:105,0
DA:106,0
DA:109,0
DA:111,0
DA:117,0
DA:124,0
DA:125,0
DA:126,0
DA:129,0
DA:131,0
DA:136,0
DA:156,0
DA:210,0
DA:296,0
DA:308,0
DA:332,0
DA:333,0
DA:334,0
DA:336,0
DA:345,0
DA:411,0
DA:426,0
DA:436,0
DA:444,0
DA:457,0
DA:467,0
DA:479,0
DA:487,0
DA:489,0
DA:491,0
DA:493,0
DA:495,0
DA:500,0
DA:502,0
DA:504,0
DA:506,0
DA:508,0
DA:513,0
DA:514,0
DA:515,0
DA:518,0
DA:519,0
DA:521,0
LF:96
LH:0
BRDA:46,0,0,0
BRDA:46,0,1,0
BRDA:55,1,0,0
BRDA:55,1,1,0
BRDA:68,2,0,0
BRDA:68,2,1,0
BRDA:75,3,0,0
BRDA:75,3,1,0
BRDA:129,4,0,0
BRDA:129,4,1,0
BRDA:147,5,0,0
BRDA:147,5,1,0
BRDA:149,6,0,0
BRDA:149,6,1,0
BRDA:163,7,0,0
BRDA:163,7,1,0
BRDA:164,8,0,0
BRDA:164,8,1,0
BRDA:174,9,0,0
BRDA:174,9,1,0
BRDA:177,10,0,0
BRDA:177,10,1,0
BRDA:196,11,0,0
BRDA:196,11,1,0
BRDA:211,12,0,0
BRDA:211,12,1,0
BRDA:215,13,0,0
BRDA:215,13,1,0
BRDA:216,14,0,0
BRDA:216,14,1,0
BRDA:221,15,0,0
BRDA:221,15,1,0
BRDA:224,16,0,0
BRDA:224,16,1,0
BRDA:243,17,0,0
BRDA:243,17,1,0
BRDA:244,18,0,0
BRDA:244,18,1,0
BRDA:251,19,0,0
BRDA:251,19,1,0
BRDA:264,20,0,0
BRDA:264,20,1,0
BRDA:280,21,0,0
BRDA:280,21,1,0
BRDA:282,22,0,0
BRDA:282,22,1,0
BRDA:283,23,0,0
BRDA:283,23,1,0
BRDA:286,24,0,0
BRDA:286,24,1,0
BRDA:292,25,0,0
BRDA:292,25,1,0
BRDA:294,26,0,0
BRDA:294,26,1,0
BRDA:295,27,0,0
BRDA:295,27,1,0
BRDA:298,28,0,0
BRDA:298,28,1,0
BRDA:304,29,0,0
BRDA:304,29,1,0
BRDA:306,30,0,0
BRDA:306,30,1,0
BRDA:307,31,0,0
BRDA:307,31,1,0
BRDA:310,32,0,0
BRDA:310,32,1,0
BRDA:321,33,0,0
BRDA:321,33,1,0
BRDA:322,34,0,0
BRDA:322,34,1,0
BRDA:341,35,0,0
BRDA:341,35,1,0
BRDA:342,36,0,0
BRDA:342,36,1,0
BRDA:350,37,0,0
BRDA:350,37,1,0
BRDA:352,38,0,0
BRDA:352,38,1,0
BRDA:355,39,0,0
BRDA:355,39,1,0
BRDA:356,40,0,0
BRDA:356,40,1,0
BRDA:365,41,0,0
BRDA:365,41,1,0
BRDA:365,42,0,0
BRDA:365,42,1,0
BRDA:365,43,0,0
BRDA:365,43,1,0
BRDA:371,44,0,0
BRDA:371,44,1,0
BRDA:371,45,0,0
BRDA:371,45,1,0
BRDA:371,46,0,0
BRDA:371,46,1,0
BRDA:377,47,0,0
BRDA:377,47,1,0
BRDA:377,48,0,0
BRDA:377,48,1,0
BRDA:377,49,0,0
BRDA:377,49,1,0
BRDA:381,50,0,0
BRDA:381,50,1,0
BRDA:384,51,0,0
BRDA:384,51,1,0
BRDA:384,52,0,0
BRDA:384,52,1,0
BRDA:388,53,0,0
BRDA:388,53,1,0
BRDA:388,54,0,0
BRDA:388,54,1,0
BRDA:404,55,0,0
BRDA:404,55,1,0
BRDA:405,56,0,0
BRDA:405,56,1,0
BRDA:406,57,0,0
BRDA:406,57,1,0
BRDA:418,58,0,0
BRDA:418,58,1,0
BRDA:420,59,0,0
BRDA:420,59,1,0
BRDA:421,60,0,0
BRDA:421,60,1,0
BRDA:439,61,0,0
BRDA:439,61,1,0
BRDA:441,62,0,0
BRDA:441,62,1,0
BRDA:445,63,0,0
BRDA:445,63,1,0
BRDA:449,64,0,0
BRDA:449,64,1,0
BRDA:451,65,0,0
BRDA:451,65,1,0
BRDA:487,66,0,0
BRDA:487,66,1,0
BRDA:487,66,2,0
BRDA:487,66,3,0
BRDA:500,67,0,0
BRDA:500,67,1,0
BRDA:500,67,2,0
BRDA:500,67,3,0
BRDA:513,68,0,0
BRDA:513,68,1,0
BRDA:514,69,0,0
BRDA:514,69,1,0
BRF:144
BRH:0
end_of_record
TN:
SF:screens\LoginScreen.tsx
FN:20,LoginScreen
FN:27,(anonymous_1)
FNF:2
FNH:0
FNDA:0,LoginScreen
FNDA:0,(anonymous_1)
DA:21,0
DA:22,0
DA:23,0
DA:24,0
DA:25,0
DA:27,0
DA:28,0
DA:29,0
DA:30,0
DA:33,0
DA:34,0
DA:36,0
DA:37,0
DA:39,0
DA:42,0
DA:43,0
DA:47,0
DA:139,0
LF:18
LH:0
BRDA:28,0,0,0
BRDA:28,0,1,0
BRDA:28,1,0,0
BRDA:28,1,1,0
BRDA:36,2,0,0
BRDA:36,2,1,0
BRDA:48,3,0,0
BRDA:48,3,1,0
BRDA:50,4,0,0
BRDA:50,4,1,0
BRDA:55,5,0,0
BRDA:55,5,1,0
BRDA:59,6,0,0
BRDA:59,6,1,0
BRDA:61,7,0,0
BRDA:61,7,1,0
BRDA:64,8,0,0
BRDA:64,8,1,0
BRDA:71,9,0,0
BRDA:71,9,1,0
BRDA:76,10,0,0
BRDA:76,10,1,0
BRDA:77,11,0,0
BRDA:77,11,1,0
BRDA:78,12,0,0
BRDA:78,12,1,0
BRDA:82,13,0,0
BRDA:82,13,1,0
BRDA:87,14,0,0
BRDA:87,14,1,0
BRDA:93,15,0,0
BRDA:93,15,1,0
BRDA:98,16,0,0
BRDA:98,16,1,0
BRDA:99,17,0,0
BRDA:99,17,1,0
BRDA:100,18,0,0
BRDA:100,18,1,0
BRDA:104,19,0,0
BRDA:104,19,1,0
BRDA:109,20,0,0
BRDA:109,20,1,0
BRDA:115,21,0,0
BRDA:115,21,1,0
BRDA:119,22,0,0
BRDA:119,22,1,0
BRDA:130,23,0,0
BRDA:130,23,1,0
BRF:48
BRH:0
end_of_record
TN:
SF:screens\ProfileScreen.tsx
FN:21,ProfileScreen
FN:30,(anonymous_1)
FN:37,(anonymous_2)
FN:38,(anonymous_3)
FN:46,(anonymous_4)
FN:57,(anonymous_5)
FN:73,(anonymous_6)
FN:97,(anonymous_7)
FN:250,(anonymous_8)
FNF:9
FNH:0
FNDA:0,ProfileScreen
FNDA:0,(anonymous_1)
FNDA:0,(anonymous_2)
FNDA:0,(anonymous_3)
FNDA:0,(anonymous_4)
FNDA:0,(anonymous_5)
FNDA:0,(anonymous_6)
FNDA:0,(anonymous_7)
FNDA:0,(anonymous_8)
DA:22,0
DA:23,0
DA:24,0
DA:25,0
DA:26,0
DA:27,0
DA:30,0
DA:31,0
DA:32,0
DA:33,0
DA:37,0
DA:38,0
DA:39,0
DA:40,0
DA:41,0
DA:46,0
DA:47,0
DA:58,0
DA:59,0
DA:60,0
DA:62,0
DA:63,0
DA:73,0
DA:74,0
DA:75,0
DA:76,0
DA:79,0
DA:80,0
DA:85,0
DA:86,0
DA:88,0
DA:89,0
DA:92,0
DA:93,0
DA:97,0
DA:98,0
DA:99,0
DA:106,0
DA:107,0
DA:110,0
DA:111,0
DA:116,0
DA:117,0
DA:124,0
DA:250,0
DA:266,0
LF:46
LH:0
BRDA:26,0,0,0
BRDA:26,0,1,0
BRDA:27,1,0,0
BRDA:27,1,1,0
BRDA:31,2,0,0
BRDA:31,2,1,0
BRDA:32,3,0,0
BRDA:32,3,1,0
BRDA:33,4,0,0
BRDA:33,4,1,0
BRDA:40,5,0,0
BRDA:40,5,1,0
BRDA:74,6,0,0
BRDA:74,6,1,0
BRDA:85,7,0,0
BRDA:85,7,1,0
BRDA:106,8,0,0
BRDA:106,8,1,0
BRDA:106,9,0,0
BRDA:106,9,1,0
BRDA:106,9,2,0
BRDA:116,10,0,0
BRDA:116,10,1,0
BRDA:118,11,0,0
BRDA:118,11,1,0
BRDA:125,12,0,0
BRDA:125,12,1,0
BRDA:127,13,0,0
BRDA:127,13,1,0
BRDA:130,14,0,0
BRDA:130,14,1,0
BRDA:137,15,0,0
BRDA:137,15,1,0
BRDA:145,16,0,0
BRDA:145,16,1,0
BRDA:148,17,0,0
BRDA:148,17,1,0
BRDA:151,18,0,0
BRDA:151,18,1,0
BRDA:152,19,0,0
BRDA:152,19,1,0
BRDA:155,20,0,0
BRDA:155,20,1,0
BRDA:162,21,0,0
BRDA:162,21,1,0
BRDA:167,22,0,0
BRDA:167,22,1,0
BRDA:168,23,0,0
BRDA:168,23,1,0
BRDA:169,24,0,0
BRDA:169,24,1,0
BRDA:175,25,0,0
BRDA:175,25,1,0
BRDA:178,26,0,0
BRDA:178,26,1,0
BRDA:179,27,0,0
BRDA:179,27,1,0
BRDA:182,28,0,0
BRDA:182,28,1,0
BRDA:183,29,0,0
BRDA:183,29,1,0
BRDA:188,30,0,0
BRDA:188,30,1,0
BRDA:191,31,0,0
BRDA:191,31,1,0
BRDA:193,32,0,0
BRDA:193,32,1,0
BRDA:196,33,0,0
BRDA:196,33,1,0
BRDA:197,34,0,0
BRDA:197,34,1,0
BRDA:201,35,0,0
BRDA:201,35,1,0
BRDA:204,36,0,0
BRDA:204,36,1,0
BRDA:209,37,0,0
BRDA:209,37,1,0
BRDA:212,38,0,0
BRDA:212,38,1,0
BRDA:220,39,0,0
BRDA:220,39,1,0
BRDA:223,40,0,0
BRDA:223,40,1,0
BRDA:225,41,0,0
BRDA:225,41,1,0
BRDA:228,42,0,0
BRDA:228,42,1,0
BRDA:233,43,0,0
BRDA:233,43,1,0
BRDA:236,44,0,0
BRDA:236,44,1,0
BRDA:247,45,0,0
BRDA:247,45,1,0
BRDA:248,46,0,0
BRDA:248,46,1,0
BRDA:250,47,0,0
BRDA:250,47,1,0
BRDA:253,48,0,0
BRDA:253,48,1,0
BRDA:257,49,0,0
BRDA:257,49,1,0
BRDA:258,50,0,0
BRDA:258,50,1,0
BRF:103
BRH:0
end_of_record
TN:
SF:screens\StudyScreen.tsx
FN:33,StudyScreen
FN:78,(anonymous_1)
FN:129,(anonymous_2)
FN:131,(anonymous_3)
FN:132,(anonymous_4)
FN:142,(anonymous_5)
FN:149,(anonymous_6)
FN:158,(anonymous_7)
FN:164,(anonymous_8)
FN:168,(anonymous_9)
FN:168,(anonymous_10)
FN:172,(anonymous_11)
FN:195,(anonymous_12)
FN:196,(anonymous_13)
FN:202,(anonymous_14)
FN:206,(anonymous_15)
FN:212,(anonymous_16)
FN:215,(anonymous_17)
FN:234,(anonymous_18)
FN:241,(anonymous_19)
FN:244,(anonymous_20)
FN:249,(anonymous_21)
FN:251,(anonymous_22)
FN:253,(anonymous_23)
FN:273,(anonymous_24)
FN:281,(anonymous_25)
FN:283,(anonymous_26)
FN:289,(anonymous_27)
FN:299,(anonymous_28)
FN:308,(anonymous_29)
FN:319,(anonymous_30)
FN:335,(anonymous_31)
FN:343,(anonymous_32)
FN:351,(anonymous_33)
FN:363,(anonymous_34)
FN:365,(anonymous_35)
FN:383,(anonymous_36)
FN:390,(anonymous_37)
FN:407,(anonymous_38)
FN:416,(anonymous_39)
FN:423,(anonymous_40)
FN:430,(anonymous_41)
FN:448,(anonymous_42)
FN:451,(anonymous_43)
FN:455,(anonymous_44)
FN:459,(anonymous_45)
FN:465,(anonymous_46)
FN:473,(anonymous_47)
FN:477,(anonymous_48)
FN:514,(anonymous_49)
FN:523,(anonymous_50)
FN:537,(anonymous_51)
FN:537,(anonymous_52)
FN:548,(anonymous_53)
FN:557,(anonymous_54)
FN:563,(anonymous_55)
FN:580,(anonymous_56)
FN:618,(anonymous_57)
FN:624,(anonymous_58)
FN:641,(anonymous_59)
FN:652,(anonymous_60)
FN:678,(anonymous_61)
FN:700,(anonymous_62)
FN:714,(anonymous_63)
FN:730,(anonymous_64)
FN:742,(anonymous_65)
FN:750,(anonymous_66)
FN:784,(anonymous_67)
FN:798,(anonymous_68)
FN:852,(anonymous_69)
FN:863,(anonymous_70)
FN:879,(anonymous_71)
FN:887,(anonymous_72)
FN:922,(anonymous_73)
FN:930,(anonymous_74)
FN:972,(anonymous_75)
FN:979,(anonymous_76)
FN:1006,(anonymous_77)
FN:1018,(anonymous_78)
FN:1061,(anonymous_79)
FN:1068,(anonymous_80)
FN:1094,getDifficultyColor
FNF:82
FNH:0
FNDA:0,StudyScreen
FNDA:0,(anonymous_1)
FNDA:0,(anonymous_2)
FNDA:0,(anonymous_3)
FNDA:0,(anonymous_4)
FNDA:0,(anonymous_5)
FNDA:0,(anonymous_6)
FNDA:0,(anonymous_7)
FNDA:0,(anonymous_8)
FNDA:0,(anonymous_9)
FNDA:0,(anonymous_10)
FNDA:0,(anonymous_11)
FNDA:0,(anonymous_12)
FNDA:0,(anonymous_13)
FNDA:0,(anonymous_14)
FNDA:0,(anonymous_15)
FNDA:0,(anonymous_16)
FNDA:0,(anonymous_17)
FNDA:0,(anonymous_18)
FNDA:0,(anonymous_19)
FNDA:0,(anonymous_20)
FNDA:0,(anonymous_21)
FNDA:0,(anonymous_22)
FNDA:0,(anonymous_23)
FNDA:0,(anonymous_24)
FNDA:0,(anonymous_25)
FNDA:0,(anonymous_26)
FNDA:0,(anonymous_27)
FNDA:0,(anonymous_28)
FNDA:0,(anonymous_29)
FNDA:0,(anonymous_30)
FNDA:0,(anonymous_31)
FNDA:0,(anonymous_32)
FNDA:0,(anonymous_33)
FNDA:0,(anonymous_34)
FNDA:0,(anonymous_35)
FNDA:0,(anonymous_36)
FNDA:0,(anonymous_37)
FNDA:0,(anonymous_38)
FNDA:0,(anonymous_39)
FNDA:0,(anonymous_40)
FNDA:0,(anonymous_41)
FNDA:0,(anonymous_42)
FNDA:0,(anonymous_43)
FNDA:0,(anonymous_44)
FNDA:0,(anonymous_45)
FNDA:0,(anonymous_46)
FNDA:0,(anonymous_47)
FNDA:0,(anonymous_48)
FNDA:0,(anonymous_49)
FNDA:0,(anonymous_50)
FNDA:0,(anonymous_51)
FNDA:0,(anonymous_52)
FNDA:0,(anonymous_53)
FNDA:0,(anonymous_54)
FNDA:0,(anonymous_55)
FNDA:0,(anonymous_56)
FNDA:0,(anonymous_57)
FNDA:0,(anonymous_58)
FNDA:0,(anonymous_59)
FNDA:0,(anonymous_60)
FNDA:0,(anonymous_61)
FNDA:0,(anonymous_62)
FNDA:0,(anonymous_63)
FNDA:0,(anonymous_64)
FNDA:0,(anonymous_65)
FNDA:0,(anonymous_66)
FNDA:0,(anonymous_67)
FNDA:0,(anonymous_68)
FNDA:0,(anonymous_69)
FNDA:0,(anonymous_70)
FNDA:0,(anonymous_71)
FNDA:0,(anonymous_72)
FNDA:0,(anonymous_73)
FNDA:0,(anonymous_74)
FNDA:0,(anonymous_75)
FNDA:0,(anonymous_76)
FNDA:0,(anonymous_77)
FNDA:0,(anonymous_78)
FNDA:0,(anonymous_79)
FNDA:0,(anonymous_80)
FNDA:0,getDifficultyColor
DA:7,0
DA:34,0
DA:35,0
DA:36,0
DA:37,0
DA:38,0
DA:39,0
DA:40,0
DA:41,0
DA:42,0
DA:43,0
DA:44,0
DA:45,0
DA:52,0
DA:53,0
DA:54,0
DA:55,0
DA:56,0
DA:57,0
DA:58,0
DA:59,0
DA:60,0
DA:61,0
DA:62,0
DA:63,0
DA:64,0
DA:73,0
DA:74,0
DA:75,0
DA:76,0
DA:78,0
DA:80,0
DA:126,0
DA:129,0
DA:130,0
DA:131,0
DA:132,0
DA:134,0
DA:136,0
DA:137,0
DA:138,0
DA:140,0
DA:142,0
DA:143,0
DA:144,0
DA:149,0
DA:150,0
DA:151,0
DA:152,0
DA:154,0
DA:158,0
DA:159,0
DA:160,0
DA:161,0
DA:164,0
DA:165,0
DA:167,0
DA:168,0
DA:169,0
DA:172,0
DA:173,0
DA:174,0
DA:185,0
DA:186,0
DA:187,0
DA:188,0
DA:191,0
DA:195,0
DA:196,0
DA:197,0
DA:198,0
DA:202,0
DA:203,0
DA:205,0
DA:206,0
DA:210,0
DA:212,0
DA:215,0
DA:217,0
DA:229,0
DA:234,0
DA:235,0
DA:236,0
DA:237,0
DA:241,0
DA:242,0
DA:243,0
DA:244,0
DA:247,0
DA:249,0
DA:251,0
DA:253,0
DA:254,0
DA:255,0
DA:265,0
DA:268,0
DA:273,0
DA:274,0
DA:275,0
DA:276,0
DA:277,0
DA:281,0
DA:282,0
DA:283,0
DA:284,0
DA:289,0
DA:290,0
DA:293,0
DA:294,0
DA:299,0
DA:300,0
DA:301,0
DA:302,0
DA:303,0
DA:304,0
DA:305,0
DA:308,0
DA:309,0
DA:310,0
DA:311,0
DA:312,0
DA:313,0
DA:314,0
DA:317,0
DA:319,0
DA:321,0
DA:323,0
DA:324,0
DA:326,0
DA:328,0
DA:331,0
DA:335,0
DA:336,0
DA:338,0
DA:344,0
DA:352,0
DA:353,0
DA:354,0
DA:363,0
DA:364,0
DA:365,0
DA:366,0
DA:367,0
DA:370,0
DA:376,0
DA:379,0
DA:383,0
DA:390,0
DA:391,0
DA:392,0
DA:400,0
DA:401,0
DA:402,0
DA:407,0
DA:408,0
DA:409,0
DA:410,0
DA:411,0
DA:412,0
DA:413,0
DA:416,0
DA:417,0
DA:419,0
DA:420,0
DA:422,0
DA:423,0
DA:430,0
DA:431,0
DA:432,0
DA:435,0
DA:441,0
DA:444,0
DA:448,0
DA:451,0
DA:452,0
DA:455,0
DA:456,0
DA:457,0
DA:458,0
DA:459,0
DA:465,0
DA:473,0
DA:474,0
DA:478,0
DA:479,0
DA:480,0
DA:481,0
DA:482,0
DA:515,0
DA:516,0
DA:524,0
DA:525,0
DA:537,0
DA:538,0
DA:548,0
DA:549,0
DA:550,0
DA:557,0
DA:563,0
DA:571,0
DA:572,0
DA:574,0
DA:581,0
DA:582,0
DA:583,0
DA:584,0
DA:585,0
DA:618,0
DA:625,0
DA:626,0
DA:642,0
DA:643,0
DA:652,0
DA:678,0
DA:701,0
DA:702,0
DA:703,0
DA:704,0
DA:715,0
DA:716,0
DA:717,0
DA:718,0
DA:730,0
DA:731,0
DA:733,0
DA:742,0
DA:750,0
DA:781,0
DA:785,0
DA:786,0
DA:787,0
DA:788,0
DA:799,0
DA:800,0
DA:801,0
DA:802,0
DA:803,0
DA:814,0
DA:852,0
DA:863,0
DA:879,0
DA:887,0
DA:922,0
DA:931,0
DA:932,0
DA:973,0
DA:979,0
DA:1007,0
DA:1008,0
DA:1009,0
DA:1019,0
DA:1020,0
DA:1021,0
DA:1062,0
DA:1068,0
DA:1095,0
DA:1097,0
DA:1099,0
DA:1101,0
DA:1103,0
DA:1107,0
LF:261
LH:0
BRDA:130,0,0,0
BRDA:130,0,1,0
BRDA:130,1,0,0
BRDA:130,1,1,0
BRDA:136,2,0,0
BRDA:136,2,1,0
BRDA:143,3,0,0
BRDA:143,3,1,0
BRDA:150,4,0,0
BRDA:150,4,1,0
BRDA:165,5,0,0
BRDA:165,5,1,0
BRDA:167,6,0,0
BRDA:167,6,1,0
BRDA:169,7,0,0
BRDA:169,7,1,0
BRDA:173,8,0,0
BRDA:173,8,1,0
BRDA:177,9,0,0
BRDA:177,9,1,0
BRDA:197,10,0,0
BRDA:197,10,1,0
BRDA:197,11,0,0
BRDA:197,11,1,0
BRDA:203,12,0,0
BRDA:203,12,1,0
BRDA:203,13,0,0
BRDA:203,13,1,0
BRDA:203,13,2,0
BRDA:205,14,0,0
BRDA:205,14,1,0
BRDA:206,15,0,0
BRDA:206,15,1,0
BRDA:210,16,0,0
BRDA:210,16,1,0
BRDA:221,17,0,0
BRDA:221,17,1,0
BRDA:225,18,0,0
BRDA:225,18,1,0
BRDA:234,19,0,0
BRDA:234,19,1,0
BRDA:242,20,0,0
BRDA:242,20,1,0
BRDA:242,21,0,0
BRDA:242,21,1,0
BRDA:242,21,2,0
BRDA:242,21,3,0
BRDA:243,22,0,0
BRDA:243,22,1,0
BRDA:244,23,0,0
BRDA:244,23,1,0
BRDA:247,24,0,0
BRDA:247,24,1,0
BRDA:254,25,0,0
BRDA:254,25,1,0
BRDA:259,26,0,0
BRDA:259,26,1,0
BRDA:261,27,0,0
BRDA:261,27,1,0
BRDA:273,28,0,0
BRDA:273,28,1,0
BRDA:282,29,0,0
BRDA:282,29,1,0
BRDA:289,30,0,0
BRDA:289,30,1,0
BRDA:293,31,0,0
BRDA:293,31,1,0
BRDA:317,32,0,0
BRDA:317,32,1,0
BRDA:317,33,0,0
BRDA:317,33,1,0
BRDA:336,34,0,0
BRDA:336,34,1,0
BRDA:340,35,0,0
BRDA:340,35,1,0
BRDA:347,36,0,0
BRDA:347,36,1,0
BRDA:349,37,0,0
BRDA:349,37,1,0
BRDA:364,38,0,0
BRDA:364,38,1,0
BRDA:366,39,0,0
BRDA:366,39,1,0
BRDA:367,40,0,0
BRDA:367,40,1,0
BRDA:387,41,0,0
BRDA:387,41,1,0
BRDA:390,42,0,0
BRDA:390,42,1,0
BRDA:396,43,0,0
BRDA:396,43,1,0
BRDA:400,44,0,0
BRDA:400,44,1,0
BRDA:400,45,0,0
BRDA:400,45,1,0
BRDA:417,46,0,0
BRDA:417,46,1,0
BRDA:417,47,0,0
BRDA:417,47,1,0
BRDA:422,48,0,0
BRDA:422,48,1,0
BRDA:431,49,0,0
BRDA:431,49,1,0
BRDA:432,50,0,0
BRDA:432,50,1,0
BRDA:451,51,0,0
BRDA:451,51,1,0
BRDA:456,52,0,0
BRDA:456,52,1,0
BRDA:476,53,0,0
BRDA:476,53,1,0
BRDA:487,54,0,0
BRDA:487,54,1,0
BRDA:492,55,0,0
BRDA:492,55,1,0
BRDA:493,56,0,0
BRDA:493,56,1,0
BRDA:498,57,0,0
BRDA:498,57,1,0
BRDA:499,58,0,0
BRDA:499,58,1,0
BRDA:504,59,0,0
BRDA:504,59,1,0
BRDA:505,60,0,0
BRDA:505,60,1,0
BRDA:519,61,0,0
BRDA:519,61,1,0
BRDA:524,62,0,0
BRDA:524,62,1,0
BRDA:533,63,0,0
BRDA:533,63,1,0
BRDA:538,64,0,0
BRDA:538,64,1,0
BRDA:539,65,0,0
BRDA:539,65,1,0
BRDA:549,66,0,0
BRDA:549,66,1,0
BRDA:549,67,0,0
BRDA:549,67,1,0
BRDA:552,68,0,0
BRDA:552,68,1,0
BRDA:576,69,0,0
BRDA:576,69,1,0
BRDA:588,70,0,0
BRDA:588,70,1,0
BRDA:590,71,0,0
BRDA:590,71,1,0
BRDA:593,72,0,0
BRDA:593,72,1,0
BRDA:603,73,0,0
BRDA:603,73,1,0
BRDA:606,74,0,0
BRDA:606,74,1,0
BRDA:620,75,0,0
BRDA:620,75,1,0
BRDA:625,76,0,0
BRDA:625,76,1,0
BRDA:635,77,0,0
BRDA:635,77,1,0
BRDA:639,78,0,0
BRDA:639,78,1,0
BRDA:648,79,0,0
BRDA:648,79,1,0
BRDA:649,80,0,0
BRDA:649,80,1,0
BRDA:649,80,2,0
BRDA:650,81,0,0
BRDA:650,81,1,0
BRDA:650,81,2,0
BRDA:650,81,3,0
BRDA:652,82,0,0
BRDA:652,82,1,0
BRDA:658,83,0,0
BRDA:658,83,1,0
BRDA:659,84,0,0
BRDA:659,84,1,0
BRDA:659,84,2,0
BRDA:669,85,0,0
BRDA:669,85,1,0
BRDA:671,86,0,0
BRDA:671,86,1,0
BRDA:681,87,0,0
BRDA:681,87,1,0
BRDA:689,88,0,0
BRDA:689,88,1,0
BRDA:691,89,0,0
BRDA:691,89,1,0
BRDA:699,90,0,0
BRDA:699,90,1,0
BRDA:701,91,0,0
BRDA:701,91,1,0
BRDA:709,92,0,0
BRDA:709,92,1,0
BRDA:713,93,0,0
BRDA:713,93,1,0
BRDA:715,94,0,0
BRDA:715,94,1,0
BRDA:723,95,0,0
BRDA:723,95,1,0
BRDA:731,96,0,0
BRDA:731,96,1,0
BRDA:736,97,0,0
BRDA:736,97,1,0
BRDA:741,98,0,0
BRDA:741,98,1,0
BRDA:744,99,0,0
BRDA:744,99,1,0
BRDA:749,100,0,0
BRDA:749,100,1,0
BRDA:752,101,0,0
BRDA:752,101,1,0
BRDA:760,102,0,0
BRDA:760,102,1,0
BRDA:763,103,0,0
BRDA:763,103,1,0
BRDA:768,104,0,0
BRDA:768,104,1,0
BRDA:771,105,0,0
BRDA:771,105,1,0
BRDA:783,106,0,0
BRDA:783,106,1,0
BRDA:786,107,0,0
BRDA:786,107,1,0
BRDA:792,108,0,0
BRDA:792,108,1,0
BRDA:797,109,0,0
BRDA:797,109,1,0
BRDA:800,110,0,0
BRDA:800,110,1,0
BRDA:807,111,0,0
BRDA:807,111,1,0
BRDA:815,112,0,0
BRDA:815,112,1,0
BRDA:818,113,0,0
BRDA:818,113,1,0
BRDA:819,114,0,0
BRDA:819,114,1,0
BRDA:824,115,0,0
BRDA:824,115,1,0
BRDA:831,116,0,0
BRDA:831,116,1,0
BRDA:838,117,0,0
BRDA:838,117,1,0
BRDA:840,118,0,0
BRDA:840,118,1,0
BRDA:845,119,0,0
BRDA:845,119,1,0
BRDA:847,120,0,0
BRDA:847,120,1,0
BRDA:882,121,0,0
BRDA:882,121,1,0
BRDA:884,122,0,0
BRDA:884,122,1,0
BRDA:888,123,0,0
BRDA:888,123,1,0
BRDA:891,124,0,0
BRDA:891,124,1,0
BRDA:893,125,0,0
BRDA:893,125,1,0
BRDA:895,126,0,0
BRDA:895,126,1,0
BRDA:899,127,0,0
BRDA:899,127,1,0
BRDA:901,128,0,0
BRDA:901,128,1,0
BRDA:903,129,0,0
BRDA:903,129,1,0
BRDA:925,130,0,0
BRDA:925,130,1,0
BRDA:927,131,0,0
BRDA:927,131,1,0
BRDA:934,132,0,0
BRDA:934,132,1,0
BRDA:938,133,0,0
BRDA:938,133,1,0
BRDA:940,134,0,0
BRDA:940,134,1,0
BRDA:942,135,0,0
BRDA:942,135,1,0
BRDA:947,136,0,0
BRDA:947,136,1,0
BRDA:948,137,0,0
BRDA:948,137,1,0
BRDA:951,138,0,0
BRDA:951,138,1,0
BRDA:953,139,0,0
BRDA:953,139,1,0
BRDA:961,140,0,0
BRDA:961,140,1,0
BRDA:963,141,0,0
BRDA:963,141,1,0
BRDA:965,142,0,0
BRDA:965,142,1,0
BRDA:970,143,0,0
BRDA:970,143,1,0
BRDA:977,144,0,0
BRDA:977,144,1,0
BRDA:983,145,0,0
BRDA:983,145,1,0
BRDA:1013,146,0,0
BRDA:1013,146,1,0
BRDA:1015,147,0,0
BRDA:1015,147,1,0
BRDA:1023,148,0,0
BRDA:1023,148,1,0
BRDA:1027,149,0,0
BRDA:1027,149,1,0
BRDA:1029,150,0,0
BRDA:1029,150,1,0
BRDA:1031,151,0,0
BRDA:1031,151,1,0
BRDA:1036,152,0,0
BRDA:1036,152,1,0
BRDA:1037,153,0,0
BRDA:1037,153,1,0
BRDA:1040,154,0,0
BRDA:1040,154,1,0
BRDA:1042,155,0,0
BRDA:1042,155,1,0
BRDA:1050,156,0,0
BRDA:1050,156,1,0
BRDA:1052,157,0,0
BRDA:1052,157,1,0
BRDA:1054,158,0,0
BRDA:1054,158,1,0
BRDA:1059,159,0,0
BRDA:1059,159,1,0
BRDA:1066,160,0,0
BRDA:1066,160,1,0
BRDA:1072,161,0,0
BRDA:1072,161,1,0
BRDA:1095,162,0,0
BRDA:1095,162,1,0
BRDA:1095,162,2,0
BRDA:1095,162,3,0
BRF:335
BRH:0
end_of_record
TN:
SF:services\AuthContext.tsx
FN:23,(anonymous_0)
FN:27,(anonymous_1)
FN:29,(anonymous_2)
FN:41,(anonymous_3)
FN:51,(anonymous_4)
FN:58,(anonymous_5)
FN:83,(anonymous_6)
FNF:7
FNH:0
FNDA:0,(anonymous_0)
FNDA:0,(anonymous_1)
FNDA:0,(anonymous_2)
FNDA:0,(anonymous_3)
FNDA:0,(anonymous_4)
FNDA:0,(anonymous_5)
FNDA:0,(anonymous_6)
DA:21,0
DA:23,0
DA:24,0
DA:25,0
DA:27,0
DA:29,0
DA:30,0
DA:31,0
DA:32,0
DA:33,0
DA:35,0
DA:38,0
DA:41,0
DA:42,0
DA:43,0
DA:44,0
DA:45,0
DA:47,0
DA:48,0
DA:51,0
DA:52,0
DA:53,0
DA:54,0
DA:55,0
DA:58,0
DA:59,0
DA:60,0
DA:61,0
DA:62,0
DA:64,0
DA:65,0
DA:68,0
DA:83,0
DA:84,0
DA:85,0
DA:86,0
DA:88,0
LF:37
LH:0
BRDA:32,0,0,0
BRDA:32,0,1,0
BRDA:32,1,0,0
BRDA:32,1,1,0
BRDA:44,2,0,0
BRDA:44,2,1,0
BRDA:44,3,0,0
BRDA:44,3,1,0
BRDA:61,4,0,0
BRDA:61,4,1,0
BRDA:61,5,0,0
BRDA:61,5,1,0
BRDA:85,6,0,0
BRDA:85,6,1,0
BRF:14
BRH:0
end_of_record
TN:
SF:services\mockApi.ts
FN:32,(anonymous_0)
FN:41,(anonymous_1)
FN:56,(anonymous_2)
FN:59,(anonymous_3)
FN:78,(anonymous_4)
FN:80,(anonymous_5)
FN:97,(anonymous_6)
FN:99,(anonymous_7)
FNF:8
FNH:0
FNDA:0,(anonymous_0)
FNDA:0,(anonymous_1)
FNDA:0,(anonymous_2)
FNDA:0,(anonymous_3)
FNDA:0,(anonymous_4)
FNDA:0,(anonymous_5)
FNDA:0,(anonymous_6)
FNDA:0,(anonymous_7)
DA:4,0
DA:31,0
DA:33,0
DA:34,0
DA:36,0
DA:37,0
DA:42,0
DA:43,0
DA:48,0
DA:49,0
DA:51,0
DA:52,0
DA:57,0
DA:59,0
DA:60,0
DA:61,0
DA:65,0
DA:71,0
DA:73,0
DA:74,0
DA:79,0
DA:80,0
DA:81,0
DA:82,0
DA:85,0
DA:90,0
DA:92,0
DA:93,0
DA:98,0
DA:99,0
DA:101,0
DA:102,0
LF:32
LH:0
BRDA:60,0,0,0
BRDA:60,0,1,0
BRDA:81,1,0,0
BRDA:81,1,1,0
BRF:4
BRH:0
end_of_record
TN:
SF:services\supabase.ts
FN:12,(anonymous_0)
FN:13,(anonymous_1)
FN:14,(anonymous_2)
FN:28,(anonymous_3)
FN:45,(anonymous_4)
FN:56,(anonymous_5)
FN:61,(anonymous_6)
FN:69,(anonymous_7)
FNF:8
FNH:0
FNDA:0,(anonymous_0)
FNDA:0,(anonymous_1)
FNDA:0,(anonymous_2)
FNDA:0,(anonymous_3)
FNDA:0,(anonymous_4)
FNDA:0,(anonymous_5)
FNDA:0,(anonymous_6)
FNDA:0,(anonymous_7)
DA:7,0
DA:8,0
DA:11,0
DA:12,0
DA:13,0
DA:14,0
DA:18,0
DA:28,0
DA:29,0
DA:30,0
DA:35,0
DA:45,0
DA:47,0
DA:49,0
DA:50,0
DA:53,0
DA:56,0
DA:57,0
DA:58,0
DA:61,0
DA:62,0
DA:63,0
DA:64,0
DA:66,0
DA:69,0
DA:74,0
DA:75,0
DA:78,0
DA:87,0
DA:89,0
LF:30
LH:0
BRDA:29,0,0,0
BRDA:29,0,1,0
BRDA:47,1,0,0
BRDA:47,1,1,0
BRDA:47,2,0,0
BRDA:47,2,1,0
BRDA:63,3,0,0
BRDA:63,3,1,0
BRDA:75,4,0,0
BRDA:75,4,1,0
BRDA:75,5,0,0
BRDA:75,5,1,0
BRF:12
BRH:0
end_of_record
TN:
SF:theme\colors.ts
FNF:0
FNH:0
DA:1,0
DA:35,0
DA:57,0
LF:3
LH:0
BRF:0
BRH:0
end_of_record
TN:
SF:types\index.ts
FNF:0
FNH:0
LF:0
LH:0
BRF:0
BRH:0
end_of_record
